<?xml version="1.0" encoding="UTF-8"?>
<testsuites tests="1041" failures="1" disabled="0" errors="0" time="16937.375" timestamp="2024-11-14T00:10:15.675" name="AllTests">
  <testsuite name="FramerateControllerTest" tests="4" failures="0" disabled="0" skipped="0" errors="0" time="5.946" timestamp="2024-11-14T00:10:15.676">
    <testcase name="FramerateController_OutputFramerateDefault" file="/home/tom/Desktop/tom/auto_tests/merlin_generated_tests.cpp" line="80" status="run" result="completed" time="1.489" timestamp="2024-11-14T00:10:15.676" classname="FramerateControllerTest" />
    <testcase name="Update_FramerateController_OutputFramerateDefault" file="/home/tom/Desktop/tom/auto_tests/merlin_generated_tests.cpp" line="84" status="run" result="completed" time="1.484" timestamp="2024-11-14T00:10:17.165" classname="FramerateControllerTest" />
    <testcase name="FramerateController_OutputFramerateRandom" file="/home/tom/Desktop/tom/auto_tests/merlin_generated_tests.cpp" line="91" status="run" result="completed" time="1.475" timestamp="2024-11-14T00:10:18.649" classname="FramerateControllerTest" />
    <testcase name="Update_FramerateController_OutputFramerateRandom" file="/home/tom/Desktop/tom/auto_tests/merlin_generated_tests.cpp" line="96" status="run" result="completed" time="1.496" timestamp="2024-11-14T00:10:20.125" classname="FramerateControllerTest" />
  </testsuite>
  <testsuite name="PreprocessorTest" tests="16" failures="0" disabled="0" skipped="0" errors="0" time="0.01" timestamp="2024-11-14T00:10:21.622">
    <testcase name="Preprocessor_WidthDefault" file="/home/tom/Desktop/tom/auto_tests/merlin_generated_tests.cpp" line="115" status="run" result="completed" time="0." timestamp="2024-11-14T00:10:21.622" classname="PreprocessorTest" />
    <testcase name="Preprocessor_WidthRandom" file="/home/tom/Desktop/tom/auto_tests/merlin_generated_tests.cpp" line="119" status="run" result="completed" time="0." timestamp="2024-11-14T00:10:21.623" classname="PreprocessorTest" />
    <testcase name="Preprocessor_HeightDefault" file="/home/tom/Desktop/tom/auto_tests/merlin_generated_tests.cpp" line="125" status="run" result="completed" time="0." timestamp="2024-11-14T00:10:21.624" classname="PreprocessorTest" />
    <testcase name="Preprocessor_HeightRandom" file="/home/tom/Desktop/tom/auto_tests/merlin_generated_tests.cpp" line="129" status="run" result="completed" time="0." timestamp="2024-11-14T00:10:21.624" classname="PreprocessorTest" />
    <testcase name="Preprocessor_KeepAspectRatioDefault" file="/home/tom/Desktop/tom/auto_tests/merlin_generated_tests.cpp" line="135" status="run" result="completed" time="0." timestamp="2024-11-14T00:10:21.625" classname="PreprocessorTest" />
    <testcase name="Preprocessor_KeepAspectRatioRandom" file="/home/tom/Desktop/tom/auto_tests/merlin_generated_tests.cpp" line="139" status="run" result="completed" time="0." timestamp="2024-11-14T00:10:21.626" classname="PreprocessorTest" />
    <testcase name="Preprocessor_RotateAngleDefault" file="/home/tom/Desktop/tom/auto_tests/merlin_generated_tests.cpp" line="145" status="run" result="completed" time="0." timestamp="2024-11-14T00:10:21.626" classname="PreprocessorTest" />
    <testcase name="Preprocessor_RotateAngleRandom" file="/home/tom/Desktop/tom/auto_tests/merlin_generated_tests.cpp" line="149" status="run" result="completed" time="0." timestamp="2024-11-14T00:10:21.627" classname="PreprocessorTest" />
    <testcase name="Preprocessor_Roi_XDefault" file="/home/tom/Desktop/tom/auto_tests/merlin_generated_tests.cpp" line="155" status="run" result="completed" time="0." timestamp="2024-11-14T00:10:21.627" classname="PreprocessorTest" />
    <testcase name="Preprocessor_Roi_XRandom" file="/home/tom/Desktop/tom/auto_tests/merlin_generated_tests.cpp" line="159" status="run" result="completed" time="0." timestamp="2024-11-14T00:10:21.628" classname="PreprocessorTest" />
    <testcase name="Preprocessor_Roi_YDefault" file="/home/tom/Desktop/tom/auto_tests/merlin_generated_tests.cpp" line="165" status="run" result="completed" time="0." timestamp="2024-11-14T00:10:21.629" classname="PreprocessorTest" />
    <testcase name="Preprocessor_Roi_YRandom" file="/home/tom/Desktop/tom/auto_tests/merlin_generated_tests.cpp" line="169" status="run" result="completed" time="0." timestamp="2024-11-14T00:10:21.630" classname="PreprocessorTest" />
    <testcase name="Preprocessor_Roi_WidthDefault" file="/home/tom/Desktop/tom/auto_tests/merlin_generated_tests.cpp" line="175" status="run" result="completed" time="0." timestamp="2024-11-14T00:10:21.630" classname="PreprocessorTest" />
    <testcase name="Preprocessor_Roi_WidthRandom" file="/home/tom/Desktop/tom/auto_tests/merlin_generated_tests.cpp" line="179" status="run" result="completed" time="0." timestamp="2024-11-14T00:10:21.631" classname="PreprocessorTest" />
    <testcase name="Preprocessor_Roi_HeightDefault" file="/home/tom/Desktop/tom/auto_tests/merlin_generated_tests.cpp" line="185" status="run" result="completed" time="0." timestamp="2024-11-14T00:10:21.631" classname="PreprocessorTest" />
    <testcase name="Preprocessor_Roi_HeightRandom" file="/home/tom/Desktop/tom/auto_tests/merlin_generated_tests.cpp" line="189" status="run" result="completed" time="0." timestamp="2024-11-14T00:10:21.632" classname="PreprocessorTest" />
  </testsuite>
  <testsuite name="VideoPassthroughTest" tests="4" failures="0" disabled="0" skipped="0" errors="0" time="5.907" timestamp="2024-11-14T00:10:21.632">
    <testcase name="VideoPassthrough_FlowIdDefault" file="/home/tom/Desktop/tom/auto_tests/merlin_generated_tests.cpp" line="220" status="run" result="completed" time="1.486" timestamp="2024-11-14T00:10:21.632" classname="VideoPassthroughTest" />
    <testcase name="Update_VideoPassthrough_FlowIdDefault" file="/home/tom/Desktop/tom/auto_tests/merlin_generated_tests.cpp" line="224" status="run" result="completed" time="1.472" timestamp="2024-11-14T00:10:23.119" classname="VideoPassthroughTest" />
    <testcase name="VideoPassthrough_FlowIdEnum" file="/home/tom/Desktop/tom/auto_tests/merlin_generated_tests.cpp" line="232" status="run" result="completed" time="1.473" timestamp="2024-11-14T00:10:24.591" classname="VideoPassthroughTest" />
    <testcase name="Update_VideoPassthrough_FlowIdEnum" file="/home/tom/Desktop/tom/auto_tests/merlin_generated_tests.cpp" line="239" status="run" result="completed" time="1.475" timestamp="2024-11-14T00:10:26.064" classname="VideoPassthroughTest" />
  </testsuite>
  <testsuite name="FrameRegisterImageTest" tests="4" failures="0" disabled="0" skipped="0" errors="0" time="5.941" timestamp="2024-11-14T00:10:27.539">
    <testcase name="FrameRegisterImage_EnableDefault" file="/home/tom/Desktop/tom/auto_tests/merlin_generated_tests.cpp" line="277" status="run" result="completed" time="1.473" timestamp="2024-11-14T00:10:27.539" classname="FrameRegisterImageTest" />
    <testcase name="Update_FrameRegisterImage_EnableDefault" file="/home/tom/Desktop/tom/auto_tests/merlin_generated_tests.cpp" line="281" status="run" result="completed" time="1.485" timestamp="2024-11-14T00:10:29.013" classname="FrameRegisterImageTest" />
    <testcase name="FrameRegisterImage_EnableRandom" file="/home/tom/Desktop/tom/auto_tests/merlin_generated_tests.cpp" line="288" status="run" result="completed" time="1.507" timestamp="2024-11-14T00:10:30.498" classname="FrameRegisterImageTest" />
    <testcase name="Update_FrameRegisterImage_EnableRandom" file="/home/tom/Desktop/tom/auto_tests/merlin_generated_tests.cpp" line="293" status="run" result="completed" time="1.474" timestamp="2024-11-14T00:10:32.006" classname="FrameRegisterImageTest" />
  </testsuite>
  <testsuite name="FlowSwitcherTest" tests="4" failures="0" disabled="0" skipped="0" errors="0" time="5.886" timestamp="2024-11-14T00:10:33.480">
    <testcase name="FlowSwitcher_FlowIdDefault" file="/home/tom/Desktop/tom/auto_tests/merlin_generated_tests.cpp" line="328" status="run" result="completed" time="1.476" timestamp="2024-11-14T00:10:33.480" classname="FlowSwitcherTest" />
    <testcase name="Update_FlowSwitcher_FlowIdDefault" file="/home/tom/Desktop/tom/auto_tests/merlin_generated_tests.cpp" line="332" status="run" result="completed" time="1.467" timestamp="2024-11-14T00:10:34.957" classname="FlowSwitcherTest" />
    <testcase name="FlowSwitcher_FlowIdEnum" file="/home/tom/Desktop/tom/auto_tests/merlin_generated_tests.cpp" line="340" status="run" result="completed" time="1.468" timestamp="2024-11-14T00:10:36.424" classname="FlowSwitcherTest" />
    <testcase name="Update_FlowSwitcher_FlowIdEnum" file="/home/tom/Desktop/tom/auto_tests/merlin_generated_tests.cpp" line="349" status="run" result="completed" time="1.473" timestamp="2024-11-14T00:10:37.893" classname="FlowSwitcherTest" />
  </testsuite>
  <testsuite name="LockedOnConfigurationTest" tests="4" failures="0" disabled="0" skipped="0" errors="0" time="5.895" timestamp="2024-11-14T00:10:39.367">
    <testcase name="LockedOnConfiguration_LockOnTrackDefault" file="/home/tom/Desktop/tom/auto_tests/merlin_generated_tests.cpp" line="390" status="run" result="completed" time="1.471" timestamp="2024-11-14T00:10:39.367" classname="LockedOnConfigurationTest" />
    <testcase name="Update_LockedOnConfiguration_LockOnTrackDefault" file="/home/tom/Desktop/tom/auto_tests/merlin_generated_tests.cpp" line="394" status="run" result="completed" time="1.474" timestamp="2024-11-14T00:10:40.838" classname="LockedOnConfigurationTest" />
    <testcase name="LockedOnConfiguration_LockOnTrackRandom" file="/home/tom/Desktop/tom/auto_tests/merlin_generated_tests.cpp" line="401" status="run" result="completed" time="1.476" timestamp="2024-11-14T00:10:42.312" classname="LockedOnConfigurationTest" />
    <testcase name="Update_LockedOnConfiguration_LockOnTrackRandom" file="/home/tom/Desktop/tom/auto_tests/merlin_generated_tests.cpp" line="406" status="run" result="completed" time="1.473" timestamp="2024-11-14T00:10:43.789" classname="LockedOnConfigurationTest" />
  </testsuite>
  <testsuite name="GroundRgbDetectorTest" tests="84" failures="0" disabled="0" skipped="0" errors="0" time="125.355" timestamp="2024-11-14T00:10:45.263">
    <testcase name="GroundRgbDetector_Roi_XDefault" file="/home/tom/Desktop/tom/auto_tests/merlin_generated_tests.cpp" line="444" status="run" result="completed" time="1.473" timestamp="2024-11-14T00:10:45.263" classname="GroundRgbDetectorTest" />
    <testcase name="Update_GroundRgbDetector_Roi_XDefault" file="/home/tom/Desktop/tom/auto_tests/merlin_generated_tests.cpp" line="448" status="run" result="completed" time="1.471" timestamp="2024-11-14T00:10:46.736" classname="GroundRgbDetectorTest" />
    <testcase name="GroundRgbDetector_Roi_XRandom" file="/home/tom/Desktop/tom/auto_tests/merlin_generated_tests.cpp" line="455" status="run" result="completed" time="1.487" timestamp="2024-11-14T00:10:48.207" classname="GroundRgbDetectorTest" />
    <testcase name="Update_GroundRgbDetector_Roi_XRandom" file="/home/tom/Desktop/tom/auto_tests/merlin_generated_tests.cpp" line="460" status="run" result="completed" time="1.479" timestamp="2024-11-14T00:10:49.695" classname="GroundRgbDetectorTest" />
    <testcase name="GroundRgbDetector_Roi_YDefault" file="/home/tom/Desktop/tom/auto_tests/merlin_generated_tests.cpp" line="470" status="run" result="completed" time="1.468" timestamp="2024-11-14T00:10:51.174" classname="GroundRgbDetectorTest" />
    <testcase name="Update_GroundRgbDetector_Roi_YDefault" file="/home/tom/Desktop/tom/auto_tests/merlin_generated_tests.cpp" line="474" status="run" result="completed" time="1.472" timestamp="2024-11-14T00:10:52.643" classname="GroundRgbDetectorTest" />
    <testcase name="GroundRgbDetector_Roi_YRandom" file="/home/tom/Desktop/tom/auto_tests/merlin_generated_tests.cpp" line="481" status="run" result="completed" time="1.48" timestamp="2024-11-14T00:10:54.116" classname="GroundRgbDetectorTest" />
    <testcase name="Update_GroundRgbDetector_Roi_YRandom" file="/home/tom/Desktop/tom/auto_tests/merlin_generated_tests.cpp" line="486" status="run" result="completed" time="1.475" timestamp="2024-11-14T00:10:55.597" classname="GroundRgbDetectorTest" />
    <testcase name="GroundRgbDetector_Roi_WidthDefault" file="/home/tom/Desktop/tom/auto_tests/merlin_generated_tests.cpp" line="496" status="run" result="completed" time="1.47" timestamp="2024-11-14T00:10:57.072" classname="GroundRgbDetectorTest" />
    <testcase name="Update_GroundRgbDetector_Roi_WidthDefault" file="/home/tom/Desktop/tom/auto_tests/merlin_generated_tests.cpp" line="500" status="run" result="completed" time="1.464" timestamp="2024-11-14T00:10:58.543" classname="GroundRgbDetectorTest" />
    <testcase name="GroundRgbDetector_Roi_WidthRandom" file="/home/tom/Desktop/tom/auto_tests/merlin_generated_tests.cpp" line="507" status="run" result="completed" time="1.466" timestamp="2024-11-14T00:11:00.007" classname="GroundRgbDetectorTest" />
    <testcase name="Update_GroundRgbDetector_Roi_WidthRandom" file="/home/tom/Desktop/tom/auto_tests/merlin_generated_tests.cpp" line="512" status="run" result="completed" time="1.458" timestamp="2024-11-14T00:11:01.474" classname="GroundRgbDetectorTest" />
    <testcase name="GroundRgbDetector_Roi_HeightDefault" file="/home/tom/Desktop/tom/auto_tests/merlin_generated_tests.cpp" line="522" status="run" result="completed" time="1.463" timestamp="2024-11-14T00:11:02.933" classname="GroundRgbDetectorTest" />
    <testcase name="Update_GroundRgbDetector_Roi_HeightDefault" file="/home/tom/Desktop/tom/auto_tests/merlin_generated_tests.cpp" line="526" status="run" result="completed" time="1.481" timestamp="2024-11-14T00:11:04.396" classname="GroundRgbDetectorTest" />
    <testcase name="GroundRgbDetector_Roi_HeightRandom" file="/home/tom/Desktop/tom/auto_tests/merlin_generated_tests.cpp" line="533" status="run" result="completed" time="1.473" timestamp="2024-11-14T00:11:05.877" classname="GroundRgbDetectorTest" />
    <testcase name="Update_GroundRgbDetector_Roi_HeightRandom" file="/home/tom/Desktop/tom/auto_tests/merlin_generated_tests.cpp" line="538" status="run" result="completed" time="1.454" timestamp="2024-11-14T00:11:07.350" classname="GroundRgbDetectorTest" />
    <testcase name="GroundRgbDetector_Groups__Person___ScoreThreshold_Person_Default" file="/home/tom/Desktop/tom/auto_tests/merlin_generated_tests.cpp" line="548" status="run" result="completed" time="1.456" timestamp="2024-11-14T00:11:08.805" classname="GroundRgbDetectorTest" />
    <testcase name="Update_GroundRgbDetector_Groups__Person___ScoreThreshold_Person_Default" file="/home/tom/Desktop/tom/auto_tests/merlin_generated_tests.cpp" line="552" status="run" result="completed" time="1.465" timestamp="2024-11-14T00:11:10.261" classname="GroundRgbDetectorTest" />
    <testcase name="GroundRgbDetector_Groups__Person___ScoreThreshold_Person_Range" file="/home/tom/Desktop/tom/auto_tests/merlin_generated_tests.cpp" line="559" status="run" result="completed" time="1.474" timestamp="2024-11-14T00:11:11.726" classname="GroundRgbDetectorTest" />
    <testcase name="Update_GroundRgbDetector_Groups__Person___ScoreThreshold_Person_Range" file="/home/tom/Desktop/tom/auto_tests/merlin_generated_tests.cpp" line="568" status="run" result="completed" time="1.972" timestamp="2024-11-14T00:11:13.201" classname="GroundRgbDetectorTest" />
    <testcase name="GroundRgbDetector_Groups__Person___MinWidth_Person_Default" file="/home/tom/Desktop/tom/auto_tests/merlin_generated_tests.cpp" line="581" status="run" result="completed" time="1.471" timestamp="2024-11-14T00:11:15.174" classname="GroundRgbDetectorTest" />
    <testcase name="Update_GroundRgbDetector_Groups__Person___MinWidth_Person_Default" file="/home/tom/Desktop/tom/auto_tests/merlin_generated_tests.cpp" line="585" status="run" result="completed" time="1.472" timestamp="2024-11-14T00:11:16.645" classname="GroundRgbDetectorTest" />
    <testcase name="GroundRgbDetector_Groups__Person___MinWidth_Person_Range" file="/home/tom/Desktop/tom/auto_tests/merlin_generated_tests.cpp" line="592" status="run" result="completed" time="1.469" timestamp="2024-11-14T00:11:18.118" classname="GroundRgbDetectorTest" />
    <testcase name="Update_GroundRgbDetector_Groups__Person___MinWidth_Person_Range" file="/home/tom/Desktop/tom/auto_tests/merlin_generated_tests.cpp" line="601" status="run" result="completed" time="1.46" timestamp="2024-11-14T00:11:19.587" classname="GroundRgbDetectorTest" />
    <testcase name="GroundRgbDetector_Groups__Person___MaxWidth_Person_Default" file="/home/tom/Desktop/tom/auto_tests/merlin_generated_tests.cpp" line="614" status="run" result="completed" time="1.473" timestamp="2024-11-14T00:11:21.047" classname="GroundRgbDetectorTest" />
    <testcase name="Update_GroundRgbDetector_Groups__Person___MaxWidth_Person_Default" file="/home/tom/Desktop/tom/auto_tests/merlin_generated_tests.cpp" line="618" status="run" result="completed" time="1.468" timestamp="2024-11-14T00:11:22.521" classname="GroundRgbDetectorTest" />
    <testcase name="GroundRgbDetector_Groups__Person___MaxWidth_Person_Range" file="/home/tom/Desktop/tom/auto_tests/merlin_generated_tests.cpp" line="625" status="run" result="completed" time="1.47" timestamp="2024-11-14T00:11:23.990" classname="GroundRgbDetectorTest" />
    <testcase name="Update_GroundRgbDetector_Groups__Person___MaxWidth_Person_Range" file="/home/tom/Desktop/tom/auto_tests/merlin_generated_tests.cpp" line="634" status="run" result="completed" time="1.472" timestamp="2024-11-14T00:11:25.460" classname="GroundRgbDetectorTest" />
    <testcase name="GroundRgbDetector_Groups__Person___MinHeight_Person_Default" file="/home/tom/Desktop/tom/auto_tests/merlin_generated_tests.cpp" line="647" status="run" result="completed" time="1.498" timestamp="2024-11-14T00:11:26.933" classname="GroundRgbDetectorTest" />
    <testcase name="Update_GroundRgbDetector_Groups__Person___MinHeight_Person_Default" file="/home/tom/Desktop/tom/auto_tests/merlin_generated_tests.cpp" line="651" status="run" result="completed" time="1.973" timestamp="2024-11-14T00:11:28.432" classname="GroundRgbDetectorTest" />
    <testcase name="GroundRgbDetector_Groups__Person___MinHeight_Person_Range" file="/home/tom/Desktop/tom/auto_tests/merlin_generated_tests.cpp" line="658" status="run" result="completed" time="1.464" timestamp="2024-11-14T00:11:30.405" classname="GroundRgbDetectorTest" />
    <testcase name="Update_GroundRgbDetector_Groups__Person___MinHeight_Person_Range" file="/home/tom/Desktop/tom/auto_tests/merlin_generated_tests.cpp" line="667" status="run" result="completed" time="1.475" timestamp="2024-11-14T00:11:31.869" classname="GroundRgbDetectorTest" />
    <testcase name="GroundRgbDetector_Groups__Person___MaxHeight_Person_Default" file="/home/tom/Desktop/tom/auto_tests/merlin_generated_tests.cpp" line="680" status="run" result="completed" time="1.472" timestamp="2024-11-14T00:11:33.345" classname="GroundRgbDetectorTest" />
    <testcase name="Update_GroundRgbDetector_Groups__Person___MaxHeight_Person_Default" file="/home/tom/Desktop/tom/auto_tests/merlin_generated_tests.cpp" line="684" status="run" result="completed" time="1.462" timestamp="2024-11-14T00:11:34.817" classname="GroundRgbDetectorTest" />
    <testcase name="GroundRgbDetector_Groups__Person___MaxHeight_Person_Range" file="/home/tom/Desktop/tom/auto_tests/merlin_generated_tests.cpp" line="691" status="run" result="completed" time="1.464" timestamp="2024-11-14T00:11:36.280" classname="GroundRgbDetectorTest" />
    <testcase name="Update_GroundRgbDetector_Groups__Person___MaxHeight_Person_Range" file="/home/tom/Desktop/tom/auto_tests/merlin_generated_tests.cpp" line="700" status="run" result="completed" time="1.477" timestamp="2024-11-14T00:11:37.744" classname="GroundRgbDetectorTest" />
    <testcase name="GroundRgbDetector_Groups__Person___MinAspectRatio_Person_Default" file="/home/tom/Desktop/tom/auto_tests/merlin_generated_tests.cpp" line="713" status="run" result="completed" time="1.467" timestamp="2024-11-14T00:11:39.222" classname="GroundRgbDetectorTest" />
    <testcase name="Update_GroundRgbDetector_Groups__Person___MinAspectRatio_Person_Default" file="/home/tom/Desktop/tom/auto_tests/merlin_generated_tests.cpp" line="717" status="run" result="completed" time="1.464" timestamp="2024-11-14T00:11:40.690" classname="GroundRgbDetectorTest" />
    <testcase name="GroundRgbDetector_Groups__Person___MinAspectRatio_Person_Range" file="/home/tom/Desktop/tom/auto_tests/merlin_generated_tests.cpp" line="724" status="run" result="completed" time="1.465" timestamp="2024-11-14T00:11:42.154" classname="GroundRgbDetectorTest" />
    <testcase name="Update_GroundRgbDetector_Groups__Person___MinAspectRatio_Person_Range" file="/home/tom/Desktop/tom/auto_tests/merlin_generated_tests.cpp" line="733" status="run" result="completed" time="1.493" timestamp="2024-11-14T00:11:43.620" classname="GroundRgbDetectorTest" />
    <testcase name="GroundRgbDetector_Groups__Person___MaxAspectRatio_Person_Default" file="/home/tom/Desktop/tom/auto_tests/merlin_generated_tests.cpp" line="746" status="run" result="completed" time="1.465" timestamp="2024-11-14T00:11:45.113" classname="GroundRgbDetectorTest" />
    <testcase name="Update_GroundRgbDetector_Groups__Person___MaxAspectRatio_Person_Default" file="/home/tom/Desktop/tom/auto_tests/merlin_generated_tests.cpp" line="750" status="run" result="completed" time="1.47" timestamp="2024-11-14T00:11:46.579" classname="GroundRgbDetectorTest" />
    <testcase name="GroundRgbDetector_Groups__Person___MaxAspectRatio_Person_Range" file="/home/tom/Desktop/tom/auto_tests/merlin_generated_tests.cpp" line="757" status="run" result="completed" time="1.458" timestamp="2024-11-14T00:11:48.049" classname="GroundRgbDetectorTest" />
    <testcase name="Update_GroundRgbDetector_Groups__Person___MaxAspectRatio_Person_Range" file="/home/tom/Desktop/tom/auto_tests/merlin_generated_tests.cpp" line="766" status="run" result="completed" time="1.457" timestamp="2024-11-14T00:11:49.508" classname="GroundRgbDetectorTest" />
    <testcase name="GroundRgbDetector_Groups__Vehicle___ScoreThreshold_Vehicle_Default" file="/home/tom/Desktop/tom/auto_tests/merlin_generated_tests.cpp" line="779" status="run" result="completed" time="1.46" timestamp="2024-11-14T00:11:50.965" classname="GroundRgbDetectorTest" />
    <testcase name="Update_GroundRgbDetector_Groups__Vehicle___ScoreThreshold_Vehicle_Default" file="/home/tom/Desktop/tom/auto_tests/merlin_generated_tests.cpp" line="783" status="run" result="completed" time="1.467" timestamp="2024-11-14T00:11:52.426" classname="GroundRgbDetectorTest" />
    <testcase name="GroundRgbDetector_Groups__Vehicle___ScoreThreshold_Vehicle_Range" file="/home/tom/Desktop/tom/auto_tests/merlin_generated_tests.cpp" line="790" status="run" result="completed" time="1.487" timestamp="2024-11-14T00:11:53.894" classname="GroundRgbDetectorTest" />
    <testcase name="Update_GroundRgbDetector_Groups__Vehicle___ScoreThreshold_Vehicle_Range" file="/home/tom/Desktop/tom/auto_tests/merlin_generated_tests.cpp" line="799" status="run" result="completed" time="1.458" timestamp="2024-11-14T00:11:55.381" classname="GroundRgbDetectorTest" />
    <testcase name="GroundRgbDetector_Groups__Vehicle___MinWidth_Vehicle_Default" file="/home/tom/Desktop/tom/auto_tests/merlin_generated_tests.cpp" line="812" status="run" result="completed" time="1.452" timestamp="2024-11-14T00:11:56.840" classname="GroundRgbDetectorTest" />
    <testcase name="Update_GroundRgbDetector_Groups__Vehicle___MinWidth_Vehicle_Default" file="/home/tom/Desktop/tom/auto_tests/merlin_generated_tests.cpp" line="816" status="run" result="completed" time="1.483" timestamp="2024-11-14T00:11:58.293" classname="GroundRgbDetectorTest" />
    <testcase name="GroundRgbDetector_Groups__Vehicle___MinWidth_Vehicle_Range" file="/home/tom/Desktop/tom/auto_tests/merlin_generated_tests.cpp" line="823" status="run" result="completed" time="1.479" timestamp="2024-11-14T00:11:59.776" classname="GroundRgbDetectorTest" />
    <testcase name="Update_GroundRgbDetector_Groups__Vehicle___MinWidth_Vehicle_Range" file="/home/tom/Desktop/tom/auto_tests/merlin_generated_tests.cpp" line="832" status="run" result="completed" time="1.455" timestamp="2024-11-14T00:12:01.256" classname="GroundRgbDetectorTest" />
    <testcase name="GroundRgbDetector_Groups__Vehicle___MaxWidth_Vehicle_Default" file="/home/tom/Desktop/tom/auto_tests/merlin_generated_tests.cpp" line="845" status="run" result="completed" time="1.448" timestamp="2024-11-14T00:12:02.712" classname="GroundRgbDetectorTest" />
    <testcase name="Update_GroundRgbDetector_Groups__Vehicle___MaxWidth_Vehicle_Default" file="/home/tom/Desktop/tom/auto_tests/merlin_generated_tests.cpp" line="849" status="run" result="completed" time="1.472" timestamp="2024-11-14T00:12:04.160" classname="GroundRgbDetectorTest" />
    <testcase name="GroundRgbDetector_Groups__Vehicle___MaxWidth_Vehicle_Range" file="/home/tom/Desktop/tom/auto_tests/merlin_generated_tests.cpp" line="856" status="run" result="completed" time="1.475" timestamp="2024-11-14T00:12:05.633" classname="GroundRgbDetectorTest" />
    <testcase name="Update_GroundRgbDetector_Groups__Vehicle___MaxWidth_Vehicle_Range" file="/home/tom/Desktop/tom/auto_tests/merlin_generated_tests.cpp" line="865" status="run" result="completed" time="1.468" timestamp="2024-11-14T00:12:07.109" classname="GroundRgbDetectorTest" />
    <testcase name="GroundRgbDetector_Groups__Vehicle___MinHeight_Vehicle_Default" file="/home/tom/Desktop/tom/auto_tests/merlin_generated_tests.cpp" line="878" status="run" result="completed" time="1.468" timestamp="2024-11-14T00:12:08.578" classname="GroundRgbDetectorTest" />
    <testcase name="Update_GroundRgbDetector_Groups__Vehicle___MinHeight_Vehicle_Default" file="/home/tom/Desktop/tom/auto_tests/merlin_generated_tests.cpp" line="882" status="run" result="completed" time="1.454" timestamp="2024-11-14T00:12:10.046" classname="GroundRgbDetectorTest" />
    <testcase name="GroundRgbDetector_Groups__Vehicle___MinHeight_Vehicle_Range" file="/home/tom/Desktop/tom/auto_tests/merlin_generated_tests.cpp" line="889" status="run" result="completed" time="1.462" timestamp="2024-11-14T00:12:11.501" classname="GroundRgbDetectorTest" />
    <testcase name="Update_GroundRgbDetector_Groups__Vehicle___MinHeight_Vehicle_Range" file="/home/tom/Desktop/tom/auto_tests/merlin_generated_tests.cpp" line="898" status="run" result="completed" time="1.463" timestamp="2024-11-14T00:12:12.963" classname="GroundRgbDetectorTest" />
    <testcase name="GroundRgbDetector_Groups__Vehicle___MaxHeight_Vehicle_Default" file="/home/tom/Desktop/tom/auto_tests/merlin_generated_tests.cpp" line="911" status="run" result="completed" time="1.966" timestamp="2024-11-14T00:12:14.427" classname="GroundRgbDetectorTest" />
    <testcase name="Update_GroundRgbDetector_Groups__Vehicle___MaxHeight_Vehicle_Default" file="/home/tom/Desktop/tom/auto_tests/merlin_generated_tests.cpp" line="915" status="run" result="completed" time="1.459" timestamp="2024-11-14T00:12:16.393" classname="GroundRgbDetectorTest" />
    <testcase name="GroundRgbDetector_Groups__Vehicle___MaxHeight_Vehicle_Range" file="/home/tom/Desktop/tom/auto_tests/merlin_generated_tests.cpp" line="922" status="run" result="completed" time="1.463" timestamp="2024-11-14T00:12:17.853" classname="GroundRgbDetectorTest" />
    <testcase name="Update_GroundRgbDetector_Groups__Vehicle___MaxHeight_Vehicle_Range" file="/home/tom/Desktop/tom/auto_tests/merlin_generated_tests.cpp" line="931" status="run" result="completed" time="1.467" timestamp="2024-11-14T00:12:19.316" classname="GroundRgbDetectorTest" />
    <testcase name="GroundRgbDetector_Groups__Vehicle___MinAspectRatio_Vehicle_Default" file="/home/tom/Desktop/tom/auto_tests/merlin_generated_tests.cpp" line="944" status="run" result="completed" time="1.445" timestamp="2024-11-14T00:12:20.784" classname="GroundRgbDetectorTest" />
    <testcase name="Update_GroundRgbDetector_Groups__Vehicle___MinAspectRatio_Vehicle_Default" file="/home/tom/Desktop/tom/auto_tests/merlin_generated_tests.cpp" line="948" status="run" result="completed" time="1.46" timestamp="2024-11-14T00:12:22.230" classname="GroundRgbDetectorTest" />
    <testcase name="GroundRgbDetector_Groups__Vehicle___MinAspectRatio_Vehicle_Range" file="/home/tom/Desktop/tom/auto_tests/merlin_generated_tests.cpp" line="955" status="run" result="completed" time="1.478" timestamp="2024-11-14T00:12:23.691" classname="GroundRgbDetectorTest" />
    <testcase name="Update_GroundRgbDetector_Groups__Vehicle___MinAspectRatio_Vehicle_Range" file="/home/tom/Desktop/tom/auto_tests/merlin_generated_tests.cpp" line="964" status="run" result="completed" time="1.463" timestamp="2024-11-14T00:12:25.170" classname="GroundRgbDetectorTest" />
    <testcase name="GroundRgbDetector_Groups__Vehicle___MaxAspectRatio_Vehicle_Default" file="/home/tom/Desktop/tom/auto_tests/merlin_generated_tests.cpp" line="977" status="run" result="completed" time="1.971" timestamp="2024-11-14T00:12:26.633" classname="GroundRgbDetectorTest" />
    <testcase name="Update_GroundRgbDetector_Groups__Vehicle___MaxAspectRatio_Vehicle_Default" file="/home/tom/Desktop/tom/auto_tests/merlin_generated_tests.cpp" line="981" status="run" result="completed" time="1.481" timestamp="2024-11-14T00:12:28.604" classname="GroundRgbDetectorTest" />
    <testcase name="GroundRgbDetector_Groups__Vehicle___MaxAspectRatio_Vehicle_Range" file="/home/tom/Desktop/tom/auto_tests/merlin_generated_tests.cpp" line="988" status="run" result="completed" time="1.467" timestamp="2024-11-14T00:12:30.086" classname="GroundRgbDetectorTest" />
    <testcase name="Update_GroundRgbDetector_Groups__Vehicle___MaxAspectRatio_Vehicle_Range" file="/home/tom/Desktop/tom/auto_tests/merlin_generated_tests.cpp" line="997" status="run" result="completed" time="1.453" timestamp="2024-11-14T00:12:31.553" classname="GroundRgbDetectorTest" />
    <testcase name="GroundRgbDetector_AveragePixelValue0Default" file="/home/tom/Desktop/tom/auto_tests/merlin_generated_tests.cpp" line="1010" status="run" result="completed" time="1.459" timestamp="2024-11-14T00:12:33.007" classname="GroundRgbDetectorTest" />
    <testcase name="Update_GroundRgbDetector_AveragePixelValue0Default" file="/home/tom/Desktop/tom/auto_tests/merlin_generated_tests.cpp" line="1014" status="run" result="completed" time="1.471" timestamp="2024-11-14T00:12:34.466" classname="GroundRgbDetectorTest" />
    <testcase name="GroundRgbDetector_AveragePixelValue0Random" file="/home/tom/Desktop/tom/auto_tests/merlin_generated_tests.cpp" line="1021" status="run" result="completed" time="1.494" timestamp="2024-11-14T00:12:35.937" classname="GroundRgbDetectorTest" />
    <testcase name="Update_GroundRgbDetector_AveragePixelValue0Random" file="/home/tom/Desktop/tom/auto_tests/merlin_generated_tests.cpp" line="1026" status="run" result="completed" time="1.461" timestamp="2024-11-14T00:12:37.432" classname="GroundRgbDetectorTest" />
    <testcase name="GroundRgbDetector_PixelValueStandardDeviation0Default" file="/home/tom/Desktop/tom/auto_tests/merlin_generated_tests.cpp" line="1036" status="run" result="completed" time="1.465" timestamp="2024-11-14T00:12:38.893" classname="GroundRgbDetectorTest" />
    <testcase name="Update_GroundRgbDetector_PixelValueStandardDeviation0Default" file="/home/tom/Desktop/tom/auto_tests/merlin_generated_tests.cpp" line="1040" status="run" result="completed" time="1.465" timestamp="2024-11-14T00:12:40.359" classname="GroundRgbDetectorTest" />
    <testcase name="GroundRgbDetector_PixelValueStandardDeviation0Random" file="/home/tom/Desktop/tom/auto_tests/merlin_generated_tests.cpp" line="1047" status="run" result="completed" time="1.468" timestamp="2024-11-14T00:12:41.824" classname="GroundRgbDetectorTest" />
    <testcase name="Update_GroundRgbDetector_PixelValueStandardDeviation0Random" file="/home/tom/Desktop/tom/auto_tests/merlin_generated_tests.cpp" line="1052" status="run" result="completed" time="1.46" timestamp="2024-11-14T00:12:43.292" classname="GroundRgbDetectorTest" />
    <testcase name="GroundRgbDetector_MaxDetectionsDefault" file="/home/tom/Desktop/tom/auto_tests/merlin_generated_tests.cpp" line="1062" status="run" result="completed" time="1.482" timestamp="2024-11-14T00:12:44.753" classname="GroundRgbDetectorTest" />
    <testcase name="Update_GroundRgbDetector_MaxDetectionsDefault" file="/home/tom/Desktop/tom/auto_tests/merlin_generated_tests.cpp" line="1066" status="run" result="completed" time="1.459" timestamp="2024-11-14T00:12:46.236" classname="GroundRgbDetectorTest" />
    <testcase name="GroundRgbDetector_MaxDetectionsRandom" file="/home/tom/Desktop/tom/auto_tests/merlin_generated_tests.cpp" line="1073" status="run" result="completed" time="1.457" timestamp="2024-11-14T00:12:47.696" classname="GroundRgbDetectorTest" />
    <testcase name="Update_GroundRgbDetector_MaxDetectionsRandom" file="/home/tom/Desktop/tom/auto_tests/merlin_generated_tests.cpp" line="1078" status="run" result="completed" time="1.465" timestamp="2024-11-14T00:12:49.153" classname="GroundRgbDetectorTest" />
  </testsuite>
  <testsuite name="GroundMwirDetectorTest" tests="84" failures="0" disabled="0" skipped="0" errors="0" time="123.027" timestamp="2024-11-14T00:12:50.619">
    <testcase name="GroundMwirDetector_Roi_XDefault" file="/home/tom/Desktop/tom/auto_tests/merlin_generated_tests.cpp" line="1116" status="run" result="completed" time="1.463" timestamp="2024-11-14T00:12:50.619" classname="GroundMwirDetectorTest" />
    <testcase name="Update_GroundMwirDetector_Roi_XDefault" file="/home/tom/Desktop/tom/auto_tests/merlin_generated_tests.cpp" line="1120" status="run" result="completed" time="1.458" timestamp="2024-11-14T00:12:52.083" classname="GroundMwirDetectorTest" />
    <testcase name="GroundMwirDetector_Roi_XRandom" file="/home/tom/Desktop/tom/auto_tests/merlin_generated_tests.cpp" line="1127" status="run" result="completed" time="1.461" timestamp="2024-11-14T00:12:53.541" classname="GroundMwirDetectorTest" />
    <testcase name="Update_GroundMwirDetector_Roi_XRandom" file="/home/tom/Desktop/tom/auto_tests/merlin_generated_tests.cpp" line="1132" status="run" result="completed" time="1.486" timestamp="2024-11-14T00:12:55.002" classname="GroundMwirDetectorTest" />
    <testcase name="GroundMwirDetector_Roi_YDefault" file="/home/tom/Desktop/tom/auto_tests/merlin_generated_tests.cpp" line="1142" status="run" result="completed" time="1.461" timestamp="2024-11-14T00:12:56.489" classname="GroundMwirDetectorTest" />
    <testcase name="Update_GroundMwirDetector_Roi_YDefault" file="/home/tom/Desktop/tom/auto_tests/merlin_generated_tests.cpp" line="1146" status="run" result="completed" time="1.475" timestamp="2024-11-14T00:12:57.950" classname="GroundMwirDetectorTest" />
    <testcase name="GroundMwirDetector_Roi_YRandom" file="/home/tom/Desktop/tom/auto_tests/merlin_generated_tests.cpp" line="1153" status="run" result="completed" time="1.464" timestamp="2024-11-14T00:12:59.426" classname="GroundMwirDetectorTest" />
    <testcase name="Update_GroundMwirDetector_Roi_YRandom" file="/home/tom/Desktop/tom/auto_tests/merlin_generated_tests.cpp" line="1158" status="run" result="completed" time="1.468" timestamp="2024-11-14T00:13:00.890" classname="GroundMwirDetectorTest" />
    <testcase name="GroundMwirDetector_Roi_WidthDefault" file="/home/tom/Desktop/tom/auto_tests/merlin_generated_tests.cpp" line="1168" status="run" result="completed" time="1.457" timestamp="2024-11-14T00:13:02.359" classname="GroundMwirDetectorTest" />
    <testcase name="Update_GroundMwirDetector_Roi_WidthDefault" file="/home/tom/Desktop/tom/auto_tests/merlin_generated_tests.cpp" line="1172" status="run" result="completed" time="1.44" timestamp="2024-11-14T00:13:03.816" classname="GroundMwirDetectorTest" />
    <testcase name="GroundMwirDetector_Roi_WidthRandom" file="/home/tom/Desktop/tom/auto_tests/merlin_generated_tests.cpp" line="1179" status="run" result="completed" time="1.478" timestamp="2024-11-14T00:13:05.256" classname="GroundMwirDetectorTest" />
    <testcase name="Update_GroundMwirDetector_Roi_WidthRandom" file="/home/tom/Desktop/tom/auto_tests/merlin_generated_tests.cpp" line="1184" status="run" result="completed" time="1.465" timestamp="2024-11-14T00:13:06.735" classname="GroundMwirDetectorTest" />
    <testcase name="GroundMwirDetector_Roi_HeightDefault" file="/home/tom/Desktop/tom/auto_tests/merlin_generated_tests.cpp" line="1194" status="run" result="completed" time="1.478" timestamp="2024-11-14T00:13:08.201" classname="GroundMwirDetectorTest" />
    <testcase name="Update_GroundMwirDetector_Roi_HeightDefault" file="/home/tom/Desktop/tom/auto_tests/merlin_generated_tests.cpp" line="1198" status="run" result="completed" time="1.458" timestamp="2024-11-14T00:13:09.679" classname="GroundMwirDetectorTest" />
    <testcase name="GroundMwirDetector_Roi_HeightRandom" file="/home/tom/Desktop/tom/auto_tests/merlin_generated_tests.cpp" line="1205" status="run" result="completed" time="1.46" timestamp="2024-11-14T00:13:11.138" classname="GroundMwirDetectorTest" />
    <testcase name="Update_GroundMwirDetector_Roi_HeightRandom" file="/home/tom/Desktop/tom/auto_tests/merlin_generated_tests.cpp" line="1210" status="run" result="completed" time="1.452" timestamp="2024-11-14T00:13:12.599" classname="GroundMwirDetectorTest" />
    <testcase name="GroundMwirDetector_Groups__Person___ScoreThreshold_Person_Default" file="/home/tom/Desktop/tom/auto_tests/merlin_generated_tests.cpp" line="1220" status="run" result="completed" time="1.475" timestamp="2024-11-14T00:13:14.051" classname="GroundMwirDetectorTest" />
    <testcase name="Update_GroundMwirDetector_Groups__Person___ScoreThreshold_Person_Default" file="/home/tom/Desktop/tom/auto_tests/merlin_generated_tests.cpp" line="1224" status="run" result="completed" time="1.468" timestamp="2024-11-14T00:13:15.527" classname="GroundMwirDetectorTest" />
    <testcase name="GroundMwirDetector_Groups__Person___ScoreThreshold_Person_Range" file="/home/tom/Desktop/tom/auto_tests/merlin_generated_tests.cpp" line="1231" status="run" result="completed" time="1.458" timestamp="2024-11-14T00:13:16.995" classname="GroundMwirDetectorTest" />
    <testcase name="Update_GroundMwirDetector_Groups__Person___ScoreThreshold_Person_Range" file="/home/tom/Desktop/tom/auto_tests/merlin_generated_tests.cpp" line="1240" status="run" result="completed" time="1.468" timestamp="2024-11-14T00:13:18.454" classname="GroundMwirDetectorTest" />
    <testcase name="GroundMwirDetector_Groups__Person___MinWidth_Person_Default" file="/home/tom/Desktop/tom/auto_tests/merlin_generated_tests.cpp" line="1253" status="run" result="completed" time="1.485" timestamp="2024-11-14T00:13:19.922" classname="GroundMwirDetectorTest" />
    <testcase name="Update_GroundMwirDetector_Groups__Person___MinWidth_Person_Default" file="/home/tom/Desktop/tom/auto_tests/merlin_generated_tests.cpp" line="1257" status="run" result="completed" time="1.46" timestamp="2024-11-14T00:13:21.408" classname="GroundMwirDetectorTest" />
    <testcase name="GroundMwirDetector_Groups__Person___MinWidth_Person_Range" file="/home/tom/Desktop/tom/auto_tests/merlin_generated_tests.cpp" line="1264" status="run" result="completed" time="1.456" timestamp="2024-11-14T00:13:22.869" classname="GroundMwirDetectorTest" />
    <testcase name="Update_GroundMwirDetector_Groups__Person___MinWidth_Person_Range" file="/home/tom/Desktop/tom/auto_tests/merlin_generated_tests.cpp" line="1273" status="run" result="completed" time="1.464" timestamp="2024-11-14T00:13:24.326" classname="GroundMwirDetectorTest" />
    <testcase name="GroundMwirDetector_Groups__Person___MaxWidth_Person_Default" file="/home/tom/Desktop/tom/auto_tests/merlin_generated_tests.cpp" line="1286" status="run" result="completed" time="1.466" timestamp="2024-11-14T00:13:25.790" classname="GroundMwirDetectorTest" />
    <testcase name="Update_GroundMwirDetector_Groups__Person___MaxWidth_Person_Default" file="/home/tom/Desktop/tom/auto_tests/merlin_generated_tests.cpp" line="1290" status="run" result="completed" time="1.455" timestamp="2024-11-14T00:13:27.257" classname="GroundMwirDetectorTest" />
    <testcase name="GroundMwirDetector_Groups__Person___MaxWidth_Person_Range" file="/home/tom/Desktop/tom/auto_tests/merlin_generated_tests.cpp" line="1297" status="run" result="completed" time="1.453" timestamp="2024-11-14T00:13:28.712" classname="GroundMwirDetectorTest" />
    <testcase name="Update_GroundMwirDetector_Groups__Person___MaxWidth_Person_Range" file="/home/tom/Desktop/tom/auto_tests/merlin_generated_tests.cpp" line="1306" status="run" result="completed" time="1.474" timestamp="2024-11-14T00:13:30.166" classname="GroundMwirDetectorTest" />
    <testcase name="GroundMwirDetector_Groups__Person___MinHeight_Person_Default" file="/home/tom/Desktop/tom/auto_tests/merlin_generated_tests.cpp" line="1319" status="run" result="completed" time="1.459" timestamp="2024-11-14T00:13:31.640" classname="GroundMwirDetectorTest" />
    <testcase name="Update_GroundMwirDetector_Groups__Person___MinHeight_Person_Default" file="/home/tom/Desktop/tom/auto_tests/merlin_generated_tests.cpp" line="1323" status="run" result="completed" time="1.463" timestamp="2024-11-14T00:13:33.099" classname="GroundMwirDetectorTest" />
    <testcase name="GroundMwirDetector_Groups__Person___MinHeight_Person_Range" file="/home/tom/Desktop/tom/auto_tests/merlin_generated_tests.cpp" line="1330" status="run" result="completed" time="1.465" timestamp="2024-11-14T00:13:34.563" classname="GroundMwirDetectorTest" />
    <testcase name="Update_GroundMwirDetector_Groups__Person___MinHeight_Person_Range" file="/home/tom/Desktop/tom/auto_tests/merlin_generated_tests.cpp" line="1339" status="run" result="completed" time="1.461" timestamp="2024-11-14T00:13:36.029" classname="GroundMwirDetectorTest" />
    <testcase name="GroundMwirDetector_Groups__Person___MaxHeight_Person_Default" file="/home/tom/Desktop/tom/auto_tests/merlin_generated_tests.cpp" line="1352" status="run" result="completed" time="1.453" timestamp="2024-11-14T00:13:37.490" classname="GroundMwirDetectorTest" />
    <testcase name="Update_GroundMwirDetector_Groups__Person___MaxHeight_Person_Default" file="/home/tom/Desktop/tom/auto_tests/merlin_generated_tests.cpp" line="1356" status="run" result="completed" time="1.465" timestamp="2024-11-14T00:13:38.944" classname="GroundMwirDetectorTest" />
    <testcase name="GroundMwirDetector_Groups__Person___MaxHeight_Person_Range" file="/home/tom/Desktop/tom/auto_tests/merlin_generated_tests.cpp" line="1363" status="run" result="completed" time="1.487" timestamp="2024-11-14T00:13:40.409" classname="GroundMwirDetectorTest" />
    <testcase name="Update_GroundMwirDetector_Groups__Person___MaxHeight_Person_Range" file="/home/tom/Desktop/tom/auto_tests/merlin_generated_tests.cpp" line="1372" status="run" result="completed" time="1.455" timestamp="2024-11-14T00:13:41.896" classname="GroundMwirDetectorTest" />
    <testcase name="GroundMwirDetector_Groups__Person___MinAspectRatio_Person_Default" file="/home/tom/Desktop/tom/auto_tests/merlin_generated_tests.cpp" line="1385" status="run" result="completed" time="1.46" timestamp="2024-11-14T00:13:43.352" classname="GroundMwirDetectorTest" />
    <testcase name="Update_GroundMwirDetector_Groups__Person___MinAspectRatio_Person_Default" file="/home/tom/Desktop/tom/auto_tests/merlin_generated_tests.cpp" line="1389" status="run" result="completed" time="1.463" timestamp="2024-11-14T00:13:44.813" classname="GroundMwirDetectorTest" />
    <testcase name="GroundMwirDetector_Groups__Person___MinAspectRatio_Person_Range" file="/home/tom/Desktop/tom/auto_tests/merlin_generated_tests.cpp" line="1396" status="run" result="completed" time="1.455" timestamp="2024-11-14T00:13:46.277" classname="GroundMwirDetectorTest" />
    <testcase name="Update_GroundMwirDetector_Groups__Person___MinAspectRatio_Person_Range" file="/home/tom/Desktop/tom/auto_tests/merlin_generated_tests.cpp" line="1405" status="run" result="completed" time="1.468" timestamp="2024-11-14T00:13:47.732" classname="GroundMwirDetectorTest" />
    <testcase name="GroundMwirDetector_Groups__Person___MaxAspectRatio_Person_Default" file="/home/tom/Desktop/tom/auto_tests/merlin_generated_tests.cpp" line="1418" status="run" result="completed" time="1.459" timestamp="2024-11-14T00:13:49.201" classname="GroundMwirDetectorTest" />
    <testcase name="Update_GroundMwirDetector_Groups__Person___MaxAspectRatio_Person_Default" file="/home/tom/Desktop/tom/auto_tests/merlin_generated_tests.cpp" line="1422" status="run" result="completed" time="1.477" timestamp="2024-11-14T00:13:50.661" classname="GroundMwirDetectorTest" />
    <testcase name="GroundMwirDetector_Groups__Person___MaxAspectRatio_Person_Range" file="/home/tom/Desktop/tom/auto_tests/merlin_generated_tests.cpp" line="1429" status="run" result="completed" time="1.45" timestamp="2024-11-14T00:13:52.139" classname="GroundMwirDetectorTest" />
    <testcase name="Update_GroundMwirDetector_Groups__Person___MaxAspectRatio_Person_Range" file="/home/tom/Desktop/tom/auto_tests/merlin_generated_tests.cpp" line="1438" status="run" result="completed" time="1.456" timestamp="2024-11-14T00:13:53.590" classname="GroundMwirDetectorTest" />
    <testcase name="GroundMwirDetector_Groups__Vehicle___ScoreThreshold_Vehicle_Default" file="/home/tom/Desktop/tom/auto_tests/merlin_generated_tests.cpp" line="1451" status="run" result="completed" time="1.464" timestamp="2024-11-14T00:13:55.047" classname="GroundMwirDetectorTest" />
    <testcase name="Update_GroundMwirDetector_Groups__Vehicle___ScoreThreshold_Vehicle_Default" file="/home/tom/Desktop/tom/auto_tests/merlin_generated_tests.cpp" line="1455" status="run" result="completed" time="1.455" timestamp="2024-11-14T00:13:56.511" classname="GroundMwirDetectorTest" />
    <testcase name="GroundMwirDetector_Groups__Vehicle___ScoreThreshold_Vehicle_Range" file="/home/tom/Desktop/tom/auto_tests/merlin_generated_tests.cpp" line="1462" status="run" result="completed" time="1.478" timestamp="2024-11-14T00:13:57.967" classname="GroundMwirDetectorTest" />
    <testcase name="Update_GroundMwirDetector_Groups__Vehicle___ScoreThreshold_Vehicle_Range" file="/home/tom/Desktop/tom/auto_tests/merlin_generated_tests.cpp" line="1471" status="run" result="completed" time="1.464" timestamp="2024-11-14T00:13:59.445" classname="GroundMwirDetectorTest" />
    <testcase name="GroundMwirDetector_Groups__Vehicle___MinWidth_Vehicle_Default" file="/home/tom/Desktop/tom/auto_tests/merlin_generated_tests.cpp" line="1484" status="run" result="completed" time="1.459" timestamp="2024-11-14T00:14:00.910" classname="GroundMwirDetectorTest" />
    <testcase name="Update_GroundMwirDetector_Groups__Vehicle___MinWidth_Vehicle_Default" file="/home/tom/Desktop/tom/auto_tests/merlin_generated_tests.cpp" line="1488" status="run" result="completed" time="1.46" timestamp="2024-11-14T00:14:02.370" classname="GroundMwirDetectorTest" />
    <testcase name="GroundMwirDetector_Groups__Vehicle___MinWidth_Vehicle_Range" file="/home/tom/Desktop/tom/auto_tests/merlin_generated_tests.cpp" line="1495" status="run" result="completed" time="1.458" timestamp="2024-11-14T00:14:03.830" classname="GroundMwirDetectorTest" />
    <testcase name="Update_GroundMwirDetector_Groups__Vehicle___MinWidth_Vehicle_Range" file="/home/tom/Desktop/tom/auto_tests/merlin_generated_tests.cpp" line="1504" status="run" result="completed" time="1.465" timestamp="2024-11-14T00:14:05.289" classname="GroundMwirDetectorTest" />
    <testcase name="GroundMwirDetector_Groups__Vehicle___MaxWidth_Vehicle_Default" file="/home/tom/Desktop/tom/auto_tests/merlin_generated_tests.cpp" line="1517" status="run" result="completed" time="1.463" timestamp="2024-11-14T00:14:06.754" classname="GroundMwirDetectorTest" />
    <testcase name="Update_GroundMwirDetector_Groups__Vehicle___MaxWidth_Vehicle_Default" file="/home/tom/Desktop/tom/auto_tests/merlin_generated_tests.cpp" line="1521" status="run" result="completed" time="1.455" timestamp="2024-11-14T00:14:08.218" classname="GroundMwirDetectorTest" />
    <testcase name="GroundMwirDetector_Groups__Vehicle___MaxWidth_Vehicle_Range" file="/home/tom/Desktop/tom/auto_tests/merlin_generated_tests.cpp" line="1528" status="run" result="completed" time="1.466" timestamp="2024-11-14T00:14:09.673" classname="GroundMwirDetectorTest" />
    <testcase name="Update_GroundMwirDetector_Groups__Vehicle___MaxWidth_Vehicle_Range" file="/home/tom/Desktop/tom/auto_tests/merlin_generated_tests.cpp" line="1537" status="run" result="completed" time="1.468" timestamp="2024-11-14T00:14:11.140" classname="GroundMwirDetectorTest" />
    <testcase name="GroundMwirDetector_Groups__Vehicle___MinHeight_Vehicle_Default" file="/home/tom/Desktop/tom/auto_tests/merlin_generated_tests.cpp" line="1550" status="run" result="completed" time="1.47" timestamp="2024-11-14T00:14:12.609" classname="GroundMwirDetectorTest" />
    <testcase name="Update_GroundMwirDetector_Groups__Vehicle___MinHeight_Vehicle_Default" file="/home/tom/Desktop/tom/auto_tests/merlin_generated_tests.cpp" line="1554" status="run" result="completed" time="1.453" timestamp="2024-11-14T00:14:14.079" classname="GroundMwirDetectorTest" />
    <testcase name="GroundMwirDetector_Groups__Vehicle___MinHeight_Vehicle_Range" file="/home/tom/Desktop/tom/auto_tests/merlin_generated_tests.cpp" line="1561" status="run" result="completed" time="1.466" timestamp="2024-11-14T00:14:15.532" classname="GroundMwirDetectorTest" />
    <testcase name="Update_GroundMwirDetector_Groups__Vehicle___MinHeight_Vehicle_Range" file="/home/tom/Desktop/tom/auto_tests/merlin_generated_tests.cpp" line="1570" status="run" result="completed" time="1.46" timestamp="2024-11-14T00:14:16.999" classname="GroundMwirDetectorTest" />
    <testcase name="GroundMwirDetector_Groups__Vehicle___MaxHeight_Vehicle_Default" file="/home/tom/Desktop/tom/auto_tests/merlin_generated_tests.cpp" line="1583" status="run" result="completed" time="1.465" timestamp="2024-11-14T00:14:18.460" classname="GroundMwirDetectorTest" />
    <testcase name="Update_GroundMwirDetector_Groups__Vehicle___MaxHeight_Vehicle_Default" file="/home/tom/Desktop/tom/auto_tests/merlin_generated_tests.cpp" line="1587" status="run" result="completed" time="1.471" timestamp="2024-11-14T00:14:19.926" classname="GroundMwirDetectorTest" />
    <testcase name="GroundMwirDetector_Groups__Vehicle___MaxHeight_Vehicle_Range" file="/home/tom/Desktop/tom/auto_tests/merlin_generated_tests.cpp" line="1594" status="run" result="completed" time="1.449" timestamp="2024-11-14T00:14:21.398" classname="GroundMwirDetectorTest" />
    <testcase name="Update_GroundMwirDetector_Groups__Vehicle___MaxHeight_Vehicle_Range" file="/home/tom/Desktop/tom/auto_tests/merlin_generated_tests.cpp" line="1603" status="run" result="completed" time="1.457" timestamp="2024-11-14T00:14:22.847" classname="GroundMwirDetectorTest" />
    <testcase name="GroundMwirDetector_Groups__Vehicle___MinAspectRatio_Vehicle_Default" file="/home/tom/Desktop/tom/auto_tests/merlin_generated_tests.cpp" line="1616" status="run" result="completed" time="1.451" timestamp="2024-11-14T00:14:24.305" classname="GroundMwirDetectorTest" />
    <testcase name="Update_GroundMwirDetector_Groups__Vehicle___MinAspectRatio_Vehicle_Default" file="/home/tom/Desktop/tom/auto_tests/merlin_generated_tests.cpp" line="1620" status="run" result="completed" time="1.497" timestamp="2024-11-14T00:14:25.757" classname="GroundMwirDetectorTest" />
    <testcase name="GroundMwirDetector_Groups__Vehicle___MinAspectRatio_Vehicle_Range" file="/home/tom/Desktop/tom/auto_tests/merlin_generated_tests.cpp" line="1627" status="run" result="completed" time="1.465" timestamp="2024-11-14T00:14:27.254" classname="GroundMwirDetectorTest" />
    <testcase name="Update_GroundMwirDetector_Groups__Vehicle___MinAspectRatio_Vehicle_Range" file="/home/tom/Desktop/tom/auto_tests/merlin_generated_tests.cpp" line="1636" status="run" result="completed" time="1.467" timestamp="2024-11-14T00:14:28.720" classname="GroundMwirDetectorTest" />
    <testcase name="GroundMwirDetector_Groups__Vehicle___MaxAspectRatio_Vehicle_Default" file="/home/tom/Desktop/tom/auto_tests/merlin_generated_tests.cpp" line="1649" status="run" result="completed" time="1.465" timestamp="2024-11-14T00:14:30.187" classname="GroundMwirDetectorTest" />
    <testcase name="Update_GroundMwirDetector_Groups__Vehicle___MaxAspectRatio_Vehicle_Default" file="/home/tom/Desktop/tom/auto_tests/merlin_generated_tests.cpp" line="1653" status="run" result="completed" time="1.463" timestamp="2024-11-14T00:14:31.653" classname="GroundMwirDetectorTest" />
    <testcase name="GroundMwirDetector_Groups__Vehicle___MaxAspectRatio_Vehicle_Range" file="/home/tom/Desktop/tom/auto_tests/merlin_generated_tests.cpp" line="1660" status="run" result="completed" time="1.458" timestamp="2024-11-14T00:14:33.116" classname="GroundMwirDetectorTest" />
    <testcase name="Update_GroundMwirDetector_Groups__Vehicle___MaxAspectRatio_Vehicle_Range" file="/home/tom/Desktop/tom/auto_tests/merlin_generated_tests.cpp" line="1669" status="run" result="completed" time="1.466" timestamp="2024-11-14T00:14:34.574" classname="GroundMwirDetectorTest" />
    <testcase name="GroundMwirDetector_AveragePixelValue0Default" file="/home/tom/Desktop/tom/auto_tests/merlin_generated_tests.cpp" line="1682" status="run" result="completed" time="1.461" timestamp="2024-11-14T00:14:36.041" classname="GroundMwirDetectorTest" />
    <testcase name="Update_GroundMwirDetector_AveragePixelValue0Default" file="/home/tom/Desktop/tom/auto_tests/merlin_generated_tests.cpp" line="1686" status="run" result="completed" time="1.49" timestamp="2024-11-14T00:14:37.503" classname="GroundMwirDetectorTest" />
    <testcase name="GroundMwirDetector_AveragePixelValue0Random" file="/home/tom/Desktop/tom/auto_tests/merlin_generated_tests.cpp" line="1693" status="run" result="completed" time="1.465" timestamp="2024-11-14T00:14:38.993" classname="GroundMwirDetectorTest" />
    <testcase name="Update_GroundMwirDetector_AveragePixelValue0Random" file="/home/tom/Desktop/tom/auto_tests/merlin_generated_tests.cpp" line="1698" status="run" result="completed" time="1.467" timestamp="2024-11-14T00:14:40.459" classname="GroundMwirDetectorTest" />
    <testcase name="GroundMwirDetector_PixelValueStandardDeviation0Default" file="/home/tom/Desktop/tom/auto_tests/merlin_generated_tests.cpp" line="1708" status="run" result="completed" time="1.462" timestamp="2024-11-14T00:14:41.927" classname="GroundMwirDetectorTest" />
    <testcase name="Update_GroundMwirDetector_PixelValueStandardDeviation0Default" file="/home/tom/Desktop/tom/auto_tests/merlin_generated_tests.cpp" line="1712" status="run" result="completed" time="1.464" timestamp="2024-11-14T00:14:43.390" classname="GroundMwirDetectorTest" />
    <testcase name="GroundMwirDetector_PixelValueStandardDeviation0Random" file="/home/tom/Desktop/tom/auto_tests/merlin_generated_tests.cpp" line="1719" status="run" result="completed" time="1.461" timestamp="2024-11-14T00:14:44.854" classname="GroundMwirDetectorTest" />
    <testcase name="Update_GroundMwirDetector_PixelValueStandardDeviation0Random" file="/home/tom/Desktop/tom/auto_tests/merlin_generated_tests.cpp" line="1724" status="run" result="completed" time="1.473" timestamp="2024-11-14T00:14:46.315" classname="GroundMwirDetectorTest" />
    <testcase name="GroundMwirDetector_MaxDetectionsDefault" file="/home/tom/Desktop/tom/auto_tests/merlin_generated_tests.cpp" line="1734" status="run" result="completed" time="1.461" timestamp="2024-11-14T00:14:47.789" classname="GroundMwirDetectorTest" />
    <testcase name="Update_GroundMwirDetector_MaxDetectionsDefault" file="/home/tom/Desktop/tom/auto_tests/merlin_generated_tests.cpp" line="1738" status="run" result="completed" time="1.457" timestamp="2024-11-14T00:14:49.251" classname="GroundMwirDetectorTest" />
    <testcase name="GroundMwirDetector_MaxDetectionsRandom" file="/home/tom/Desktop/tom/auto_tests/merlin_generated_tests.cpp" line="1745" status="run" result="completed" time="1.47" timestamp="2024-11-14T00:14:50.708" classname="GroundMwirDetectorTest" />
    <testcase name="Update_GroundMwirDetector_MaxDetectionsRandom" file="/home/tom/Desktop/tom/auto_tests/merlin_generated_tests.cpp" line="1750" status="run" result="completed" time="1.467" timestamp="2024-11-14T00:14:52.179" classname="GroundMwirDetectorTest" />
  </testsuite>
  <testsuite name="VmdTest" tests="24" failures="0" disabled="0" skipped="0" errors="0" time="35.138" timestamp="2024-11-14T00:14:53.646">
    <testcase name="Vmd_EnableDefault" file="/home/tom/Desktop/tom/auto_tests/merlin_generated_tests.cpp" line="1785" status="run" result="completed" time="1.458" timestamp="2024-11-14T00:14:53.646" classname="VmdTest" />
    <testcase name="Update_Vmd_EnableDefault" file="/home/tom/Desktop/tom/auto_tests/merlin_generated_tests.cpp" line="1789" status="run" result="completed" time="1.464" timestamp="2024-11-14T00:14:55.105" classname="VmdTest" />
    <testcase name="Vmd_EnableRandom" file="/home/tom/Desktop/tom/auto_tests/merlin_generated_tests.cpp" line="1796" status="run" result="completed" time="1.484" timestamp="2024-11-14T00:14:56.570" classname="VmdTest" />
    <testcase name="Update_Vmd_EnableRandom" file="/home/tom/Desktop/tom/auto_tests/merlin_generated_tests.cpp" line="1801" status="run" result="completed" time="1.451" timestamp="2024-11-14T00:14:58.054" classname="VmdTest" />
    <testcase name="Vmd_ScoreThresholdDefault" file="/home/tom/Desktop/tom/auto_tests/merlin_generated_tests.cpp" line="1811" status="run" result="completed" time="1.464" timestamp="2024-11-14T00:14:59.506" classname="VmdTest" />
    <testcase name="Update_Vmd_ScoreThresholdDefault" file="/home/tom/Desktop/tom/auto_tests/merlin_generated_tests.cpp" line="1815" status="run" result="completed" time="1.454" timestamp="2024-11-14T00:15:00.971" classname="VmdTest" />
    <testcase name="Vmd_ScoreThresholdRange" file="/home/tom/Desktop/tom/auto_tests/merlin_generated_tests.cpp" line="1822" status="run" result="completed" time="1.458" timestamp="2024-11-14T00:15:02.426" classname="VmdTest" />
    <testcase name="Update_Vmd_ScoreThresholdRange" file="/home/tom/Desktop/tom/auto_tests/merlin_generated_tests.cpp" line="1831" status="run" result="completed" time="1.459" timestamp="2024-11-14T00:15:03.884" classname="VmdTest" />
    <testcase name="Vmd_MinWidthDefault" file="/home/tom/Desktop/tom/auto_tests/merlin_generated_tests.cpp" line="1844" status="run" result="completed" time="1.44" timestamp="2024-11-14T00:15:05.344" classname="VmdTest" />
    <testcase name="Update_Vmd_MinWidthDefault" file="/home/tom/Desktop/tom/auto_tests/merlin_generated_tests.cpp" line="1848" status="run" result="completed" time="1.491" timestamp="2024-11-14T00:15:06.784" classname="VmdTest" />
    <testcase name="Vmd_MinWidthRange" file="/home/tom/Desktop/tom/auto_tests/merlin_generated_tests.cpp" line="1855" status="run" result="completed" time="1.475" timestamp="2024-11-14T00:15:08.275" classname="VmdTest" />
    <testcase name="Update_Vmd_MinWidthRange" file="/home/tom/Desktop/tom/auto_tests/merlin_generated_tests.cpp" line="1864" status="run" result="completed" time="1.461" timestamp="2024-11-14T00:15:09.751" classname="VmdTest" />
    <testcase name="Vmd_MaxWidthDefault" file="/home/tom/Desktop/tom/auto_tests/merlin_generated_tests.cpp" line="1877" status="run" result="completed" time="1.463" timestamp="2024-11-14T00:15:11.213" classname="VmdTest" />
    <testcase name="Update_Vmd_MaxWidthDefault" file="/home/tom/Desktop/tom/auto_tests/merlin_generated_tests.cpp" line="1881" status="run" result="completed" time="1.458" timestamp="2024-11-14T00:15:12.676" classname="VmdTest" />
    <testcase name="Vmd_MaxWidthRange" file="/home/tom/Desktop/tom/auto_tests/merlin_generated_tests.cpp" line="1888" status="run" result="completed" time="1.449" timestamp="2024-11-14T00:15:14.135" classname="VmdTest" />
    <testcase name="Update_Vmd_MaxWidthRange" file="/home/tom/Desktop/tom/auto_tests/merlin_generated_tests.cpp" line="1897" status="run" result="completed" time="1.487" timestamp="2024-11-14T00:15:15.585" classname="VmdTest" />
    <testcase name="Vmd_MinHeightDefault" file="/home/tom/Desktop/tom/auto_tests/merlin_generated_tests.cpp" line="1910" status="run" result="completed" time="1.457" timestamp="2024-11-14T00:15:17.073" classname="VmdTest" />
    <testcase name="Update_Vmd_MinHeightDefault" file="/home/tom/Desktop/tom/auto_tests/merlin_generated_tests.cpp" line="1914" status="run" result="completed" time="1.459" timestamp="2024-11-14T00:15:18.530" classname="VmdTest" />
    <testcase name="Vmd_MinHeightRange" file="/home/tom/Desktop/tom/auto_tests/merlin_generated_tests.cpp" line="1921" status="run" result="completed" time="1.459" timestamp="2024-11-14T00:15:19.989" classname="VmdTest" />
    <testcase name="Update_Vmd_MinHeightRange" file="/home/tom/Desktop/tom/auto_tests/merlin_generated_tests.cpp" line="1930" status="run" result="completed" time="1.487" timestamp="2024-11-14T00:15:21.449" classname="VmdTest" />
    <testcase name="Vmd_MaxHeightDefault" file="/home/tom/Desktop/tom/auto_tests/merlin_generated_tests.cpp" line="1943" status="run" result="completed" time="1.454" timestamp="2024-11-14T00:15:22.937" classname="VmdTest" />
    <testcase name="Update_Vmd_MaxHeightDefault" file="/home/tom/Desktop/tom/auto_tests/merlin_generated_tests.cpp" line="1947" status="run" result="completed" time="1.466" timestamp="2024-11-14T00:15:24.392" classname="VmdTest" />
    <testcase name="Vmd_MaxHeightRange" file="/home/tom/Desktop/tom/auto_tests/merlin_generated_tests.cpp" line="1954" status="run" result="completed" time="1.476" timestamp="2024-11-14T00:15:25.858" classname="VmdTest" />
    <testcase name="Update_Vmd_MaxHeightRange" file="/home/tom/Desktop/tom/auto_tests/merlin_generated_tests.cpp" line="1963" status="run" result="completed" time="1.451" timestamp="2024-11-14T00:15:27.334" classname="VmdTest" />
  </testsuite>
  <testsuite name="GroundRgbPersonClassifierTest" tests="40" failures="0" disabled="0" skipped="0" errors="0" time="58.55" timestamp="2024-11-14T00:15:28.785">
    <testcase name="GroundRgbPersonClassifier_EnableDefault" file="/home/tom/Desktop/tom/auto_tests/merlin_generated_tests.cpp" line="2001" status="run" result="completed" time="1.456" timestamp="2024-11-14T00:15:28.785" classname="GroundRgbPersonClassifierTest" />
    <testcase name="Update_GroundRgbPersonClassifier_EnableDefault" file="/home/tom/Desktop/tom/auto_tests/merlin_generated_tests.cpp" line="2005" status="run" result="completed" time="1.463" timestamp="2024-11-14T00:15:30.242" classname="GroundRgbPersonClassifierTest" />
    <testcase name="GroundRgbPersonClassifier_EnableRandom" file="/home/tom/Desktop/tom/auto_tests/merlin_generated_tests.cpp" line="2012" status="run" result="completed" time="1.461" timestamp="2024-11-14T00:15:31.705" classname="GroundRgbPersonClassifierTest" />
    <testcase name="Update_GroundRgbPersonClassifier_EnableRandom" file="/home/tom/Desktop/tom/auto_tests/merlin_generated_tests.cpp" line="2017" status="run" result="completed" time="1.464" timestamp="2024-11-14T00:15:33.166" classname="GroundRgbPersonClassifierTest" />
    <testcase name="GroundRgbPersonClassifier_AdjustCropInPercentsOverride_WidthDefault" file="/home/tom/Desktop/tom/auto_tests/merlin_generated_tests.cpp" line="2027" status="run" result="completed" time="1.457" timestamp="2024-11-14T00:15:34.630" classname="GroundRgbPersonClassifierTest" />
    <testcase name="Update_GroundRgbPersonClassifier_AdjustCropInPercentsOverride_WidthDefault" file="/home/tom/Desktop/tom/auto_tests/merlin_generated_tests.cpp" line="2031" status="run" result="completed" time="1.461" timestamp="2024-11-14T00:15:36.088" classname="GroundRgbPersonClassifierTest" />
    <testcase name="GroundRgbPersonClassifier_AdjustCropInPercentsOverride_WidthRange" file="/home/tom/Desktop/tom/auto_tests/merlin_generated_tests.cpp" line="2038" status="run" result="completed" time="1.487" timestamp="2024-11-14T00:15:37.549" classname="GroundRgbPersonClassifierTest" />
    <testcase name="Update_GroundRgbPersonClassifier_AdjustCropInPercentsOverride_WidthRange" file="/home/tom/Desktop/tom/auto_tests/merlin_generated_tests.cpp" line="2047" status="run" result="completed" time="1.477" timestamp="2024-11-14T00:15:39.036" classname="GroundRgbPersonClassifierTest" />
    <testcase name="GroundRgbPersonClassifier_AdjustCropInPercentsOverride_HeightDefault" file="/home/tom/Desktop/tom/auto_tests/merlin_generated_tests.cpp" line="2060" status="run" result="completed" time="1.453" timestamp="2024-11-14T00:15:40.514" classname="GroundRgbPersonClassifierTest" />
    <testcase name="Update_GroundRgbPersonClassifier_AdjustCropInPercentsOverride_HeightDefault" file="/home/tom/Desktop/tom/auto_tests/merlin_generated_tests.cpp" line="2064" status="run" result="completed" time="1.477" timestamp="2024-11-14T00:15:41.967" classname="GroundRgbPersonClassifierTest" />
    <testcase name="GroundRgbPersonClassifier_AdjustCropInPercentsOverride_HeightRange" file="/home/tom/Desktop/tom/auto_tests/merlin_generated_tests.cpp" line="2071" status="run" result="completed" time="1.466" timestamp="2024-11-14T00:15:43.445" classname="GroundRgbPersonClassifierTest" />
    <testcase name="Update_GroundRgbPersonClassifier_AdjustCropInPercentsOverride_HeightRange" file="/home/tom/Desktop/tom/auto_tests/merlin_generated_tests.cpp" line="2080" status="run" result="completed" time="1.451" timestamp="2024-11-14T00:15:44.912" classname="GroundRgbPersonClassifierTest" />
    <testcase name="GroundRgbPersonClassifier_Filter_ScoreThresholdDefault" file="/home/tom/Desktop/tom/auto_tests/merlin_generated_tests.cpp" line="2093" status="run" result="completed" time="1.461" timestamp="2024-11-14T00:15:46.363" classname="GroundRgbPersonClassifierTest" />
    <testcase name="Update_GroundRgbPersonClassifier_Filter_ScoreThresholdDefault" file="/home/tom/Desktop/tom/auto_tests/merlin_generated_tests.cpp" line="2097" status="run" result="completed" time="1.464" timestamp="2024-11-14T00:15:47.825" classname="GroundRgbPersonClassifierTest" />
    <testcase name="GroundRgbPersonClassifier_Filter_ScoreThresholdRange" file="/home/tom/Desktop/tom/auto_tests/merlin_generated_tests.cpp" line="2104" status="run" result="completed" time="1.459" timestamp="2024-11-14T00:15:49.290" classname="GroundRgbPersonClassifierTest" />
    <testcase name="Update_GroundRgbPersonClassifier_Filter_ScoreThresholdRange" file="/home/tom/Desktop/tom/auto_tests/merlin_generated_tests.cpp" line="2113" status="run" result="completed" time="1.461" timestamp="2024-11-14T00:15:50.749" classname="GroundRgbPersonClassifierTest" />
    <testcase name="GroundRgbPersonClassifier_Filter_MinWidthDefault" file="/home/tom/Desktop/tom/auto_tests/merlin_generated_tests.cpp" line="2126" status="run" result="completed" time="1.465" timestamp="2024-11-14T00:15:52.211" classname="GroundRgbPersonClassifierTest" />
    <testcase name="Update_GroundRgbPersonClassifier_Filter_MinWidthDefault" file="/home/tom/Desktop/tom/auto_tests/merlin_generated_tests.cpp" line="2130" status="run" result="completed" time="1.461" timestamp="2024-11-14T00:15:53.677" classname="GroundRgbPersonClassifierTest" />
    <testcase name="GroundRgbPersonClassifier_Filter_MinWidthRange" file="/home/tom/Desktop/tom/auto_tests/merlin_generated_tests.cpp" line="2137" status="run" result="completed" time="1.464" timestamp="2024-11-14T00:15:55.138" classname="GroundRgbPersonClassifierTest" />
    <testcase name="Update_GroundRgbPersonClassifier_Filter_MinWidthRange" file="/home/tom/Desktop/tom/auto_tests/merlin_generated_tests.cpp" line="2146" status="run" result="completed" time="1.457" timestamp="2024-11-14T00:15:56.603" classname="GroundRgbPersonClassifierTest" />
    <testcase name="GroundRgbPersonClassifier_Filter_MaxWidthDefault" file="/home/tom/Desktop/tom/auto_tests/merlin_generated_tests.cpp" line="2159" status="run" result="completed" time="1.455" timestamp="2024-11-14T00:15:58.060" classname="GroundRgbPersonClassifierTest" />
    <testcase name="Update_GroundRgbPersonClassifier_Filter_MaxWidthDefault" file="/home/tom/Desktop/tom/auto_tests/merlin_generated_tests.cpp" line="2163" status="run" result="completed" time="1.462" timestamp="2024-11-14T00:15:59.515" classname="GroundRgbPersonClassifierTest" />
    <testcase name="GroundRgbPersonClassifier_Filter_MaxWidthRange" file="/home/tom/Desktop/tom/auto_tests/merlin_generated_tests.cpp" line="2170" status="run" result="completed" time="1.459" timestamp="2024-11-14T00:16:00.977" classname="GroundRgbPersonClassifierTest" />
    <testcase name="Update_GroundRgbPersonClassifier_Filter_MaxWidthRange" file="/home/tom/Desktop/tom/auto_tests/merlin_generated_tests.cpp" line="2179" status="run" result="completed" time="1.475" timestamp="2024-11-14T00:16:02.437" classname="GroundRgbPersonClassifierTest" />
    <testcase name="GroundRgbPersonClassifier_Filter_MinHeightDefault" file="/home/tom/Desktop/tom/auto_tests/merlin_generated_tests.cpp" line="2192" status="run" result="completed" time="1.458" timestamp="2024-11-14T00:16:03.913" classname="GroundRgbPersonClassifierTest" />
    <testcase name="Update_GroundRgbPersonClassifier_Filter_MinHeightDefault" file="/home/tom/Desktop/tom/auto_tests/merlin_generated_tests.cpp" line="2196" status="run" result="completed" time="1.462" timestamp="2024-11-14T00:16:05.371" classname="GroundRgbPersonClassifierTest" />
    <testcase name="GroundRgbPersonClassifier_Filter_MinHeightRange" file="/home/tom/Desktop/tom/auto_tests/merlin_generated_tests.cpp" line="2203" status="run" result="completed" time="1.451" timestamp="2024-11-14T00:16:06.833" classname="GroundRgbPersonClassifierTest" />
    <testcase name="Update_GroundRgbPersonClassifier_Filter_MinHeightRange" file="/home/tom/Desktop/tom/auto_tests/merlin_generated_tests.cpp" line="2212" status="run" result="completed" time="1.47" timestamp="2024-11-14T00:16:08.285" classname="GroundRgbPersonClassifierTest" />
    <testcase name="GroundRgbPersonClassifier_Filter_MaxHeightDefault" file="/home/tom/Desktop/tom/auto_tests/merlin_generated_tests.cpp" line="2225" status="run" result="completed" time="1.459" timestamp="2024-11-14T00:16:09.755" classname="GroundRgbPersonClassifierTest" />
    <testcase name="Update_GroundRgbPersonClassifier_Filter_MaxHeightDefault" file="/home/tom/Desktop/tom/auto_tests/merlin_generated_tests.cpp" line="2229" status="run" result="completed" time="1.461" timestamp="2024-11-14T00:16:11.214" classname="GroundRgbPersonClassifierTest" />
    <testcase name="GroundRgbPersonClassifier_Filter_MaxHeightRange" file="/home/tom/Desktop/tom/auto_tests/merlin_generated_tests.cpp" line="2236" status="run" result="completed" time="1.47" timestamp="2024-11-14T00:16:12.675" classname="GroundRgbPersonClassifierTest" />
    <testcase name="Update_GroundRgbPersonClassifier_Filter_MaxHeightRange" file="/home/tom/Desktop/tom/auto_tests/merlin_generated_tests.cpp" line="2245" status="run" result="completed" time="1.463" timestamp="2024-11-14T00:16:14.146" classname="GroundRgbPersonClassifierTest" />
    <testcase name="GroundRgbPersonClassifier_Filter_MinAspectRatioDefault" file="/home/tom/Desktop/tom/auto_tests/merlin_generated_tests.cpp" line="2258" status="run" result="completed" time="1.461" timestamp="2024-11-14T00:16:15.610" classname="GroundRgbPersonClassifierTest" />
    <testcase name="Update_GroundRgbPersonClassifier_Filter_MinAspectRatioDefault" file="/home/tom/Desktop/tom/auto_tests/merlin_generated_tests.cpp" line="2262" status="run" result="completed" time="1.457" timestamp="2024-11-14T00:16:17.072" classname="GroundRgbPersonClassifierTest" />
    <testcase name="GroundRgbPersonClassifier_Filter_MinAspectRatioRange" file="/home/tom/Desktop/tom/auto_tests/merlin_generated_tests.cpp" line="2269" status="run" result="completed" time="1.464" timestamp="2024-11-14T00:16:18.529" classname="GroundRgbPersonClassifierTest" />
    <testcase name="Update_GroundRgbPersonClassifier_Filter_MinAspectRatioRange" file="/home/tom/Desktop/tom/auto_tests/merlin_generated_tests.cpp" line="2278" status="run" result="completed" time="1.47" timestamp="2024-11-14T00:16:19.993" classname="GroundRgbPersonClassifierTest" />
    <testcase name="GroundRgbPersonClassifier_Filter_MaxAspectRatioDefault" file="/home/tom/Desktop/tom/auto_tests/merlin_generated_tests.cpp" line="2291" status="run" result="completed" time="1.457" timestamp="2024-11-14T00:16:21.464" classname="GroundRgbPersonClassifierTest" />
    <testcase name="Update_GroundRgbPersonClassifier_Filter_MaxAspectRatioDefault" file="/home/tom/Desktop/tom/auto_tests/merlin_generated_tests.cpp" line="2295" status="run" result="completed" time="1.487" timestamp="2024-11-14T00:16:22.921" classname="GroundRgbPersonClassifierTest" />
    <testcase name="GroundRgbPersonClassifier_Filter_MaxAspectRatioRange" file="/home/tom/Desktop/tom/auto_tests/merlin_generated_tests.cpp" line="2302" status="run" result="completed" time="1.465" timestamp="2024-11-14T00:16:24.409" classname="GroundRgbPersonClassifierTest" />
    <testcase name="Update_GroundRgbPersonClassifier_Filter_MaxAspectRatioRange" file="/home/tom/Desktop/tom/auto_tests/merlin_generated_tests.cpp" line="2311" status="run" result="completed" time="1.461" timestamp="2024-11-14T00:16:25.875" classname="GroundRgbPersonClassifierTest" />
  </testsuite>
  <testsuite name="GroundRgbVehicleClassifierTest" tests="40" failures="0" disabled="0" skipped="0" errors="0" time="58.581" timestamp="2024-11-14T00:16:27.336">
    <testcase name="GroundRgbVehicleClassifier_EnableDefault" file="/home/tom/Desktop/tom/auto_tests/merlin_generated_tests.cpp" line="2349" status="run" result="completed" time="1.46" timestamp="2024-11-14T00:16:27.336" classname="GroundRgbVehicleClassifierTest" />
    <testcase name="Update_GroundRgbVehicleClassifier_EnableDefault" file="/home/tom/Desktop/tom/auto_tests/merlin_generated_tests.cpp" line="2353" status="run" result="completed" time="1.462" timestamp="2024-11-14T00:16:28.797" classname="GroundRgbVehicleClassifierTest" />
    <testcase name="GroundRgbVehicleClassifier_EnableRandom" file="/home/tom/Desktop/tom/auto_tests/merlin_generated_tests.cpp" line="2360" status="run" result="completed" time="1.465" timestamp="2024-11-14T00:16:30.259" classname="GroundRgbVehicleClassifierTest" />
    <testcase name="Update_GroundRgbVehicleClassifier_EnableRandom" file="/home/tom/Desktop/tom/auto_tests/merlin_generated_tests.cpp" line="2365" status="run" result="completed" time="1.46" timestamp="2024-11-14T00:16:31.725" classname="GroundRgbVehicleClassifierTest" />
    <testcase name="GroundRgbVehicleClassifier_AdjustCropInPercentsOverride_WidthDefault" file="/home/tom/Desktop/tom/auto_tests/merlin_generated_tests.cpp" line="2375" status="run" result="completed" time="1.491" timestamp="2024-11-14T00:16:33.185" classname="GroundRgbVehicleClassifierTest" />
    <testcase name="Update_GroundRgbVehicleClassifier_AdjustCropInPercentsOverride_WidthDefault" file="/home/tom/Desktop/tom/auto_tests/merlin_generated_tests.cpp" line="2379" status="run" result="completed" time="1.469" timestamp="2024-11-14T00:16:34.677" classname="GroundRgbVehicleClassifierTest" />
    <testcase name="GroundRgbVehicleClassifier_AdjustCropInPercentsOverride_WidthRange" file="/home/tom/Desktop/tom/auto_tests/merlin_generated_tests.cpp" line="2386" status="run" result="completed" time="1.455" timestamp="2024-11-14T00:16:36.147" classname="GroundRgbVehicleClassifierTest" />
    <testcase name="Update_GroundRgbVehicleClassifier_AdjustCropInPercentsOverride_WidthRange" file="/home/tom/Desktop/tom/auto_tests/merlin_generated_tests.cpp" line="2395" status="run" result="completed" time="1.449" timestamp="2024-11-14T00:16:37.603" classname="GroundRgbVehicleClassifierTest" />
    <testcase name="GroundRgbVehicleClassifier_AdjustCropInPercentsOverride_HeightDefault" file="/home/tom/Desktop/tom/auto_tests/merlin_generated_tests.cpp" line="2408" status="run" result="completed" time="1.468" timestamp="2024-11-14T00:16:39.052" classname="GroundRgbVehicleClassifierTest" />
    <testcase name="Update_GroundRgbVehicleClassifier_AdjustCropInPercentsOverride_HeightDefault" file="/home/tom/Desktop/tom/auto_tests/merlin_generated_tests.cpp" line="2412" status="run" result="completed" time="1.462" timestamp="2024-11-14T00:16:40.521" classname="GroundRgbVehicleClassifierTest" />
    <testcase name="GroundRgbVehicleClassifier_AdjustCropInPercentsOverride_HeightRange" file="/home/tom/Desktop/tom/auto_tests/merlin_generated_tests.cpp" line="2419" status="run" result="completed" time="1.465" timestamp="2024-11-14T00:16:41.984" classname="GroundRgbVehicleClassifierTest" />
    <testcase name="Update_GroundRgbVehicleClassifier_AdjustCropInPercentsOverride_HeightRange" file="/home/tom/Desktop/tom/auto_tests/merlin_generated_tests.cpp" line="2428" status="run" result="completed" time="1.469" timestamp="2024-11-14T00:16:43.449" classname="GroundRgbVehicleClassifierTest" />
    <testcase name="GroundRgbVehicleClassifier_Filter_ScoreThresholdDefault" file="/home/tom/Desktop/tom/auto_tests/merlin_generated_tests.cpp" line="2441" status="run" result="completed" time="1.462" timestamp="2024-11-14T00:16:44.918" classname="GroundRgbVehicleClassifierTest" />
    <testcase name="Update_GroundRgbVehicleClassifier_Filter_ScoreThresholdDefault" file="/home/tom/Desktop/tom/auto_tests/merlin_generated_tests.cpp" line="2445" status="run" result="completed" time="1.455" timestamp="2024-11-14T00:16:46.381" classname="GroundRgbVehicleClassifierTest" />
    <testcase name="GroundRgbVehicleClassifier_Filter_ScoreThresholdRange" file="/home/tom/Desktop/tom/auto_tests/merlin_generated_tests.cpp" line="2452" status="run" result="completed" time="1.485" timestamp="2024-11-14T00:16:47.837" classname="GroundRgbVehicleClassifierTest" />
    <testcase name="Update_GroundRgbVehicleClassifier_Filter_ScoreThresholdRange" file="/home/tom/Desktop/tom/auto_tests/merlin_generated_tests.cpp" line="2461" status="run" result="completed" time="1.458" timestamp="2024-11-14T00:16:49.322" classname="GroundRgbVehicleClassifierTest" />
    <testcase name="GroundRgbVehicleClassifier_Filter_MinWidthDefault" file="/home/tom/Desktop/tom/auto_tests/merlin_generated_tests.cpp" line="2474" status="run" result="completed" time="1.46" timestamp="2024-11-14T00:16:50.781" classname="GroundRgbVehicleClassifierTest" />
    <testcase name="Update_GroundRgbVehicleClassifier_Filter_MinWidthDefault" file="/home/tom/Desktop/tom/auto_tests/merlin_generated_tests.cpp" line="2478" status="run" result="completed" time="1.464" timestamp="2024-11-14T00:16:52.241" classname="GroundRgbVehicleClassifierTest" />
    <testcase name="GroundRgbVehicleClassifier_Filter_MinWidthRange" file="/home/tom/Desktop/tom/auto_tests/merlin_generated_tests.cpp" line="2485" status="run" result="completed" time="1.46" timestamp="2024-11-14T00:16:53.706" classname="GroundRgbVehicleClassifierTest" />
    <testcase name="Update_GroundRgbVehicleClassifier_Filter_MinWidthRange" file="/home/tom/Desktop/tom/auto_tests/merlin_generated_tests.cpp" line="2494" status="run" result="completed" time="1.453" timestamp="2024-11-14T00:16:55.166" classname="GroundRgbVehicleClassifierTest" />
[...]
    <testcase name="Update_CvRenderer_Histogram_WidthDefault" file="/home/tom/Desktop/tom/auto_tests/merlin_generated_tests.cpp" line="8242" status="run" result="completed" time="1.468" timestamp="2024-11-14T00:33:32.115" classname="CvRendererTest" />
    <testcase name="CvRenderer_Histogram_WidthRange" file="/home/tom/Desktop/tom/auto_tests/merlin_generated_tests.cpp" line="8249" status="run" result="completed" time="1.462" timestamp="2024-11-14T00:33:33.583" classname="CvRendererTest" />
    <testcase name="Update_CvRenderer_Histogram_WidthRange" file="/home/tom/Desktop/tom/auto_tests/merlin_generated_tests.cpp" line="8258" status="run" result="completed" time="1.454" timestamp="2024-11-14T00:33:35.046" classname="CvRendererTest" />
    <testcase name="CvRenderer_Histogram_HeightDefault" file="/home/tom/Desktop/tom/auto_tests/merlin_generated_tests.cpp" line="8271" status="run" result="completed" time="1.477" timestamp="2024-11-14T00:33:36.500" classname="CvRendererTest" />
    <testcase name="Update_CvRenderer_Histogram_HeightDefault" file="/home/tom/Desktop/tom/auto_tests/merlin_generated_tests.cpp" line="8275" status="run" result="completed" time="1.462" timestamp="2024-11-14T00:33:37.977" classname="CvRendererTest" />
    <testcase name="CvRenderer_Histogram_HeightRange" file="/home/tom/Desktop/tom/auto_tests/merlin_generated_tests.cpp" line="8282" status="run" result="completed" time="1.465" timestamp="2024-11-14T00:33:39.440" classname="CvRendererTest" />
    <testcase name="Update_CvRenderer_Histogram_HeightRange" file="/home/tom/Desktop/tom/auto_tests/merlin_generated_tests.cpp" line="8291" status="run" result="completed" time="1.45" timestamp="2024-11-14T00:33:40.905" classname="CvRendererTest" />
    <testcase name="CvRenderer_Histogram_BackColorDefault" file="/home/tom/Desktop/tom/auto_tests/merlin_generated_tests.cpp" line="8304" status="run" result="completed" time="1.45" timestamp="2024-11-14T00:33:42.355" classname="CvRendererTest" />
    <testcase name="Update_CvRenderer_Histogram_BackColorDefault" file="/home/tom/Desktop/tom/auto_tests/merlin_generated_tests.cpp" line="8308" status="run" result="completed" time="1.465" timestamp="2024-11-14T00:33:43.805" classname="CvRendererTest" />
    <testcase name="CvRenderer_Histogram_BackColorRandom" file="/home/tom/Desktop/tom/auto_tests/merlin_generated_tests.cpp" line="8315" status="run" result="completed" time="1.46" timestamp="2024-11-14T00:33:45.270" classname="CvRendererTest" />
    <testcase name="Update_CvRenderer_Histogram_BackColorRandom" file="/home/tom/Desktop/tom/auto_tests/merlin_generated_tests.cpp" line="8320" status="run" result="completed" time="1.475" timestamp="2024-11-14T00:33:46.731" classname="CvRendererTest" />
    <testcase name="CvRenderer_Histogram_BackTransparencyDefault" file="/home/tom/Desktop/tom/auto_tests/merlin_generated_tests.cpp" line="8330" status="run" result="completed" time="1.454" timestamp="2024-11-14T00:33:48.207" classname="CvRendererTest" />
    <testcase name="Update_CvRenderer_Histogram_BackTransparencyDefault" file="/home/tom/Desktop/tom/auto_tests/merlin_generated_tests.cpp" line="8334" status="run" result="completed" time="1.471" timestamp="2024-11-14T00:33:49.661" classname="CvRendererTest" />
    <testcase name="CvRenderer_Histogram_BackTransparencyRange" file="/home/tom/Desktop/tom/auto_tests/merlin_generated_tests.cpp" line="8341" status="run" result="completed" time="1.452" timestamp="2024-11-14T00:33:51.133" classname="CvRendererTest" />
    <testcase name="Update_CvRenderer_Histogram_BackTransparencyRange" file="/home/tom/Desktop/tom/auto_tests/merlin_generated_tests.cpp" line="8350" status="run" result="completed" time="1.459" timestamp="2024-11-14T00:33:52.585" classname="CvRendererTest" />
    <testcase name="CvRenderer_Histogram_ColorBeforeDefault" file="/home/tom/Desktop/tom/auto_tests/merlin_generated_tests.cpp" line="8363" status="run" result="completed" time="1.457" timestamp="2024-11-14T00:33:54.044" classname="CvRendererTest" />
    <testcase name="Update_CvRenderer_Histogram_ColorBeforeDefault" file="/home/tom/Desktop/tom/auto_tests/merlin_generated_tests.cpp" line="8367" status="run" result="completed" time="1.456" timestamp="2024-11-14T00:33:55.502" classname="CvRendererTest" />
    <testcase name="CvRenderer_Histogram_ColorBeforeRandom" file="/home/tom/Desktop/tom/auto_tests/merlin_generated_tests.cpp" line="8374" status="run" result="completed" time="1.976" timestamp="2024-11-14T00:33:56.959" classname="CvRendererTest" />
    <testcase name="Update_CvRenderer_Histogram_ColorBeforeRandom" file="/home/tom/Desktop/tom/auto_tests/merlin_generated_tests.cpp" line="8379" status="run" result="completed" time="1.461" timestamp="2024-11-14T00:33:58.936" classname="CvRendererTest" />
    <testcase name="CvRenderer_Histogram_ColorAfterDefault" file="/home/tom/Desktop/tom/auto_tests/merlin_generated_tests.cpp" line="8389" status="run" result="completed" time="1.467" timestamp="2024-11-14T00:34:00.398" classname="CvRendererTest" />
    <testcase name="Update_CvRenderer_Histogram_ColorAfterDefault" file="/home/tom/Desktop/tom/auto_tests/merlin_generated_tests.cpp" line="8393" status="run" result="completed" time="1.459" timestamp="2024-11-14T00:34:01.866" classname="CvRendererTest" />
    <testcase name="CvRenderer_Histogram_ColorAfterRandom" file="/home/tom/Desktop/tom/auto_tests/merlin_generated_tests.cpp" line="8400" status="run" result="completed" time="1.464" timestamp="2024-11-14T00:34:03.325" classname="CvRendererTest" />
    <testcase name="Update_CvRenderer_Histogram_ColorAfterRandom" file="/home/tom/Desktop/tom/auto_tests/merlin_generated_tests.cpp" line="8405" status="run" result="completed" time="1.459" timestamp="2024-11-14T00:34:04.790" classname="CvRendererTest" />
  </testsuite>
  <testsuite name="PreviewModuleTest" tests="4" failures="1" disabled="0" skipped="0" errors="0" time="5.857" timestamp="2024-11-14T00:34:06.250">
    <testcase name="PreviewModule_EnableDefault" file="/home/tom/Desktop/tom/auto_tests/merlin_generated_tests.cpp" line="8440" status="run" result="completed" time="1.478" timestamp="2024-11-14T00:34:06.250" classname="PreviewModuleTest" />
    <testcase name="Update_PreviewModule_EnableDefault" file="/home/tom/Desktop/tom/auto_tests/merlin_generated_tests.cpp" line="8444" status="run" result="completed" time="1.462" timestamp="2024-11-14T00:34:07.728" classname="PreviewModuleTest" />
    <testcase name="PreviewModule_EnableRandom" file="/home/tom/Desktop/tom/auto_tests/merlin_generated_tests.cpp" line="8451" status="run" result="completed" time="1.461" timestamp="2024-11-14T00:34:09.191" classname="PreviewModuleTest" />
    <testcase name="Update_PreviewModule_EnableRandom" file="/home/tom/Desktop/tom/auto_tests/merlin_generated_tests.cpp" line="8456" status="run" result="completed" time="1.454" timestamp="2024-11-14T00:34:10.653" classname="PreviewModuleTest">
      <failure message="unknown file&#x0A;C++ exception with description &quot;Server error: Module with alias preview_module not registered&quot; thrown in the test body.&#x0A;" type=""><![CDATA[unknown file
C++ exception with description "Server error: Module with alias preview_module not registered" thrown in the test body.
]]></failure>
    </testcase>
  </testsuite>
  <testsuite name="GstSinkTest" tests="12" failures="0" disabled="0" skipped="0" errors="0" time="0.006" timestamp="2024-11-14T00:34:12.108">
    <testcase name="GstSink_StopOnErrorDefault" file="/home/tom/Desktop/tom/auto_tests/merlin_generated_tests.cpp" line="8475" status="run" result="completed" time="0." timestamp="2024-11-14T00:34:12.108" classname="GstSinkTest" />
    <testcase name="GstSink_StopOnErrorRandom" file="/home/tom/Desktop/tom/auto_tests/merlin_generated_tests.cpp" line="8479" status="run" result="completed" time="0." timestamp="2024-11-14T00:34:12.108" classname="GstSinkTest" />
    <testcase name="GstSink_SinkDefault" file="/home/tom/Desktop/tom/auto_tests/merlin_generated_tests.cpp" line="8485" status="run" result="completed" time="0." timestamp="2024-11-14T00:34:12.109" classname="GstSinkTest" />
    <testcase name="GstSink_SinkRandom" file="/home/tom/Desktop/tom/auto_tests/merlin_generated_tests.cpp" line="8489" status="run" result="completed" time="0." timestamp="2024-11-14T00:34:12.109" classname="GstSinkTest" />
    <testcase name="GstSink_UrlDefault" file="/home/tom/Desktop/tom/auto_tests/merlin_generated_tests.cpp" line="8495" status="run" result="completed" time="0." timestamp="2024-11-14T00:34:12.110" classname="GstSinkTest" />
    <testcase name="GstSink_UrlRandom" file="/home/tom/Desktop/tom/auto_tests/merlin_generated_tests.cpp" line="8499" status="run" result="completed" time="0." timestamp="2024-11-14T00:34:12.111" classname="GstSinkTest" />
    <testcase name="GstSink_FrameRateDefault" file="/home/tom/Desktop/tom/auto_tests/merlin_generated_tests.cpp" line="8505" status="run" result="completed" time="0." timestamp="2024-11-14T00:34:12.111" classname="GstSinkTest" />
    <testcase name="GstSink_FrameRateRandom" file="/home/tom/Desktop/tom/auto_tests/merlin_generated_tests.cpp" line="8509" status="run" result="completed" time="0." timestamp="2024-11-14T00:34:12.111" classname="GstSinkTest" />
    <testcase name="GstSink_KlvFormatDefault" file="/home/tom/Desktop/tom/auto_tests/merlin_generated_tests.cpp" line="8515" status="run" result="completed" time="0." timestamp="2024-11-14T00:34:12.112" classname="GstSinkTest" />
    <testcase name="GstSink_KlvFormatEnum" file="/home/tom/Desktop/tom/auto_tests/merlin_generated_tests.cpp" line="8520" status="run" result="completed" time="0." timestamp="2024-11-14T00:34:12.112" classname="GstSinkTest" />
    <testcase name="GstSink_WebSocketPortDefault" file="/home/tom/Desktop/tom/auto_tests/merlin_generated_tests.cpp" line="8528" status="run" result="completed" time="0." timestamp="2024-11-14T00:34:12.113" classname="GstSinkTest" />
    <testcase name="GstSink_WebSocketPortRange" file="/home/tom/Desktop/tom/auto_tests/merlin_generated_tests.cpp" line="8532" status="run" result="completed" time="0." timestamp="2024-11-14T00:34:12.113" classname="GstSinkTest" />
  </testsuite>
  <testsuite name="RecorderTest" tests="30" failures="0" disabled="0" skipped="0" errors="0" time="44.899" timestamp="2024-11-14T00:34:12.114">
    <testcase name="Recorder_EnableDefault" file="/home/tom/Desktop/tom/auto_tests/merlin_generated_tests.cpp" line="8567" status="run" result="completed" time="1.491" timestamp="2024-11-14T00:34:12.114" classname="RecorderTest" />
    <testcase name="Update_Recorder_EnableDefault" file="/home/tom/Desktop/tom/auto_tests/merlin_generated_tests.cpp" line="8571" status="run" result="completed" time="1.461" timestamp="2024-11-14T00:34:13.605" classname="RecorderTest" />
    <testcase name="Recorder_EnableRandom" file="/home/tom/Desktop/tom/auto_tests/merlin_generated_tests.cpp" line="8578" status="run" result="completed" time="1.455" timestamp="2024-11-14T00:34:15.067" classname="RecorderTest" />
    <testcase name="Update_Recorder_EnableRandom" file="/home/tom/Desktop/tom/auto_tests/merlin_generated_tests.cpp" line="8583" status="run" result="completed" time="1.461" timestamp="2024-11-14T00:34:16.522" classname="RecorderTest" />
    <testcase name="Recorder_FrameIdTypeDefault" file="/home/tom/Desktop/tom/auto_tests/merlin_generated_tests.cpp" line="8593" status="run" result="completed" time="1.457" timestamp="2024-11-14T00:34:17.983" classname="RecorderTest" />
    <testcase name="Recorder_FrameIdTypeEnum" file="/home/tom/Desktop/tom/auto_tests/merlin_generated_tests.cpp" line="8598" status="run" result="completed" time="1.452" timestamp="2024-11-14T00:34:19.440" classname="RecorderTest" />
    <testcase name="Recorder_Store_0__DataType0Default" file="/home/tom/Desktop/tom/auto_tests/merlin_generated_tests.cpp" line="8606" status="run" result="completed" time="1.467" timestamp="2024-11-14T00:34:20.893" classname="RecorderTest" />
    <testcase name="Recorder_Store_0__DataType0Enum" file="/home/tom/Desktop/tom/auto_tests/merlin_generated_tests.cpp" line="8611" status="run" result="completed" time="1.481" timestamp="2024-11-14T00:34:22.360" classname="RecorderTest" />
    <testcase name="Recorder_Store_0__Tag0Default" file="/home/tom/Desktop/tom/auto_tests/merlin_generated_tests.cpp" line="8647" status="run" result="completed" time="1.474" timestamp="2024-11-14T00:34:23.841" classname="RecorderTest" />
    <testcase name="Recorder_Store_0__Tag0Random" file="/home/tom/Desktop/tom/auto_tests/merlin_generated_tests.cpp" line="8651" status="run" result="completed" time="1.465" timestamp="2024-11-14T00:34:25.315" classname="RecorderTest" />
    <testcase name="Recorder_Store_0__Path0Default" file="/home/tom/Desktop/tom/auto_tests/merlin_generated_tests.cpp" line="8657" status="run" result="completed" time="1.454" timestamp="2024-11-14T00:34:26.781" classname="RecorderTest" />
    <testcase name="Recorder_Store_0__Path0Random" file="/home/tom/Desktop/tom/auto_tests/merlin_generated_tests.cpp" line="8661" status="run" result="completed" time="1.461" timestamp="2024-11-14T00:34:28.235" classname="RecorderTest" />
    <testcase name="Recorder_Store_1__DataType1Default" file="/home/tom/Desktop/tom/auto_tests/merlin_generated_tests.cpp" line="8667" status="run" result="completed" time="1.462" timestamp="2024-11-14T00:34:29.697" classname="RecorderTest" />
    <testcase name="Recorder_Store_1__DataType1Enum" file="/home/tom/Desktop/tom/auto_tests/merlin_generated_tests.cpp" line="8672" status="run" result="completed" time="1.454" timestamp="2024-11-14T00:34:31.159" classname="RecorderTest" />
    <testcase name="Recorder_Store_1__Tag1Default" file="/home/tom/Desktop/tom/auto_tests/merlin_generated_tests.cpp" line="8708" status="run" result="completed" time="1.966" timestamp="2024-11-14T00:34:32.614" classname="RecorderTest" />
    <testcase name="Recorder_Store_1__Tag1Random" file="/home/tom/Desktop/tom/auto_tests/merlin_generated_tests.cpp" line="8712" status="run" result="completed" time="1.459" timestamp="2024-11-14T00:34:34.581" classname="RecorderTest" />
    <testcase name="Recorder_Store_1__Path1Default" file="/home/tom/Desktop/tom/auto_tests/merlin_generated_tests.cpp" line="8718" status="run" result="completed" time="1.452" timestamp="2024-11-14T00:34:36.040" classname="RecorderTest" />
    <testcase name="Recorder_Store_1__Path1Random" file="/home/tom/Desktop/tom/auto_tests/merlin_generated_tests.cpp" line="8722" status="run" result="completed" time="1.458" timestamp="2024-11-14T00:34:37.492" classname="RecorderTest" />
    <testcase name="Recorder_SkipFramesDefault" file="/home/tom/Desktop/tom/auto_tests/merlin_generated_tests.cpp" line="8728" status="run" result="completed" time="1.464" timestamp="2024-11-14T00:34:38.951" classname="RecorderTest" />
    <testcase name="Recorder_SkipFramesRange" file="/home/tom/Desktop/tom/auto_tests/merlin_generated_tests.cpp" line="8732" status="run" result="completed" time="1.463" timestamp="2024-11-14T00:34:40.415" classname="RecorderTest" />
    <testcase name="Recorder_PathPrefixDefault" file="/home/tom/Desktop/tom/auto_tests/merlin_generated_tests.cpp" line="8742" status="run" result="completed" time="1.486" timestamp="2024-11-14T00:34:41.879" classname="RecorderTest" />
    <testcase name="Recorder_PathPrefixRandom" file="/home/tom/Desktop/tom/auto_tests/merlin_generated_tests.cpp" line="8746" status="run" result="completed" time="1.457" timestamp="2024-11-14T00:34:43.366" classname="RecorderTest" />
    <testcase name="Recorder_FrameFileTypeDefault" file="/home/tom/Desktop/tom/auto_tests/merlin_generated_tests.cpp" line="8752" status="run" result="completed" time="1.469" timestamp="2024-11-14T00:34:44.823" classname="RecorderTest" />
    <testcase name="Recorder_FrameFileTypeRandom" file="/home/tom/Desktop/tom/auto_tests/merlin_generated_tests.cpp" line="8756" status="run" result="completed" time="1.456" timestamp="2024-11-14T00:34:46.293" classname="RecorderTest" />
    <testcase name="Recorder_VideoFourCcDefault" file="/home/tom/Desktop/tom/auto_tests/merlin_generated_tests.cpp" line="8762" status="run" result="completed" time="1.966" timestamp="2024-11-14T00:34:47.749" classname="RecorderTest" />
    <testcase name="Recorder_VideoFourCcRandom" file="/home/tom/Desktop/tom/auto_tests/merlin_generated_tests.cpp" line="8766" status="run" result="completed" time="1.447" timestamp="2024-11-14T00:34:49.715" classname="RecorderTest" />
    <testcase name="Recorder_QualityDefault" file="/home/tom/Desktop/tom/auto_tests/merlin_generated_tests.cpp" line="8772" status="run" result="completed" time="1.459" timestamp="2024-11-14T00:34:51.163" classname="RecorderTest" />
    <testcase name="Recorder_QualityRandom" file="/home/tom/Desktop/tom/auto_tests/merlin_generated_tests.cpp" line="8776" status="run" result="completed" time="1.454" timestamp="2024-11-14T00:34:52.622" classname="RecorderTest" />
    <testcase name="Recorder_VideoFpsDefault" file="/home/tom/Desktop/tom/auto_tests/merlin_generated_tests.cpp" line="8782" status="run" result="completed" time="1.472" timestamp="2024-11-14T00:34:54.076" classname="RecorderTest" />
    <testcase name="Recorder_VideoFpsRandom" file="/home/tom/Desktop/tom/auto_tests/merlin_generated_tests.cpp" line="8786" status="run" result="completed" time="1.464" timestamp="2024-11-14T00:34:55.549" classname="RecorderTest" />
  </testsuite>
  <testsuite name="ContinuousTest" tests="3" failures="0" disabled="0" skipped="0" errors="0" time="15304.982" timestamp="2024-11-14T00:34:57.013">
    <testcase name="Run5MinTest" file="/home/tom/Desktop/tom/auto_tests/general_tests.cpp" line="192" status="run" result="completed" time="301.693" timestamp="2024-11-14T00:34:57.013" classname="ContinuousTest" />
    <testcase name="Run10MinTest" file="/home/tom/Desktop/tom/auto_tests/general_tests.cpp" line="233" status="run" result="completed" time="601.674" timestamp="2024-11-14T00:39:58.706" classname="ContinuousTest" />
    <testcase name="Run4HoursTest" file="/home/tom/Desktop/tom/auto_tests/general_tests.cpp" line="298" status="run" result="completed" time="14401.614" timestamp="2024-11-14T00:50:00.381" classname="ContinuousTest" />
  </testsuite>
  <testsuite name="GeneralTrackerRateTest" tests="1" failures="0" disabled="0" skipped="0" errors="0" time="29.079" timestamp="2024-11-14T04:50:01.996">
    <testcase name="TrackerRateOutput" file="/home/tom/Desktop/tom/auto_tests/general_tests.cpp" line="379" status="run" result="completed" time="29.079" timestamp="2024-11-14T04:50:01.996" classname="GeneralTrackerRateTest" />
  </testsuite>
  <testsuite name="GeneralGraphStructureTest" tests="1" failures="0" disabled="0" skipped="0" errors="0" time="3.217" timestamp="2024-11-14T04:50:31.075">
    <testcase name="GraphEdgeDuplications" file="/home/tom/Desktop/tom/auto_tests/general_tests.cpp" line="380" status="run" result="completed" time="3.217" timestamp="2024-11-14T04:50:31.075" classname="GeneralGraphStructureTest" />
  </testsuite>
  <testsuite name="GeneralTests/VideoStreams" tests="2" failures="0" disabled="0" skipped="0" errors="0" time="118.757" timestamp="2024-11-14T04:50:34.293">
    <testcase name="FlowTest/0" value_param="FlowSwitcherFlowId::Rgb" file="/home/tom/Desktop/tom/auto_tests/general_tests.cpp" line="179" status="run" result="completed" time="63.724" timestamp="2024-11-14T04:50:34.293" classname="GeneralTests/VideoStreams" />
    <testcase name="FlowTest/1" value_param="FlowSwitcherFlowId::Mwir" file="/home/tom/Desktop/tom/auto_tests/general_tests.cpp" line="179" status="run" result="completed" time="55.033" timestamp="2024-11-14T04:51:38.017" classname="GeneralTests/VideoStreams" />
  </testsuite>
</testsuites>
